[09-Aug-2021 17:45:05 UTC] PHP Fatal error:  Interface 'JsonSerializable' not found in /home/mqrgpgru/public_html/wp-content/plugins/woocommerce/includes/class-wc-meta-data.php on line 17
[09-Aug-2021 17:45:05 UTC] PHP Notice:  is_embed was called <strong>incorrectly</strong>. Conditional query tags do not work before the query is run. Before then, they always return false. Please see <a href="https://wordpress.org/support/article/debugging-in-wordpress/">Debugging in WordPress</a> for more information. (This message was added in version 3.1.0.) in /home/mqrgpgru/public_html/wp-includes/functions.php on line 5535
[09-Aug-2021 17:45:05 UTC] PHP Notice:  is_search was called <strong>incorrectly</strong>. Conditional query tags do not work before the query is run. Before then, they always return false. Please see <a href="https://wordpress.org/support/article/debugging-in-wordpress/">Debugging in WordPress</a> for more information. (This message was added in version 3.1.0.) in /home/mqrgpgru/public_html/wp-includes/functions.php on line 5535
[09-Aug-2021 17:49:34 UTC] PHP Fatal error:  Interface 'JsonSerializable' not found in /home/mqrgpgru/public_html/wp-content/plugins/woocommerce/includes/class-wc-meta-data.php on line 17
[09-Aug-2021 17:49:34 UTC] PHP Notice:  is_embed was called <strong>incorrectly</strong>. Conditional query tags do not work before the query is run. Before then, they always return false. Please see <a href="https://wordpress.org/support/article/debugging-in-wordpress/">Debugging in WordPress</a> for more information. (This message was added in version 3.1.0.) in /home/mqrgpgru/public_html/wp-includes/functions.php on line 5535
[09-Aug-2021 17:49:34 UTC] PHP Notice:  is_search was called <strong>incorrectly</strong>. Conditional query tags do not work before the query is run. Before then, they always return false. Please see <a href="https://wordpress.org/support/article/debugging-in-wordpress/">Debugging in WordPress</a> for more information. (This message was added in version 3.1.0.) in /home/mqrgpgru/public_html/wp-includes/functions.php on line 5535
[09-Aug-2021 17:49:39 UTC] PHP Fatal error:  Interface 'JsonSerializable' not found in /home/mqrgpgru/public_html/wp-content/plugins/woocommerce/includes/class-wc-meta-data.php on line 17
[09-Aug-2021 17:49:39 UTC] PHP Notice:  is_embed was called <strong>incorrectly</strong>. Conditional query tags do not work before the query is run. Before then, they always return false. Please see <a href="https://wordpress.org/support/article/debugging-in-wordpress/">Debugging in WordPress</a> for more information. (This message was added in version 3.1.0.) in /home/mqrgpgru/public_html/wp-includes/functions.php on line 5535
[09-Aug-2021 17:49:39 UTC] PHP Notice:  is_search was called <strong>incorrectly</strong>. Conditional query tags do not work before the query is run. Before then, they always return false. Please see <a href="https://wordpress.org/support/article/debugging-in-wordpress/">Debugging in WordPress</a> for more information. (This message was added in version 3.1.0.) in /home/mqrgpgru/public_html/wp-includes/functions.php on line 5535
[09-Aug-2021 17:49:39 UTC] PHP Fatal error:  Interface 'JsonSerializable' not found in /home/mqrgpgru/public_html/wp-content/plugins/woocommerce/includes/class-wc-meta-data.php on line 17
[09-Aug-2021 17:49:39 UTC] PHP Notice:  is_embed was called <strong>incorrectly</strong>. Conditional query tags do not work before the query is run. Before then, they always return false. Please see <a href="https://wordpress.org/support/article/debugging-in-wordpress/">Debugging in WordPress</a> for more information. (This message was added in version 3.1.0.) in /home/mqrgpgru/public_html/wp-includes/functions.php on line 5535
[09-Aug-2021 17:49:39 UTC] PHP Notice:  is_search was called <strong>incorrectly</strong>. Conditional query tags do not work before the query is run. Before then, they always return false. Please see <a href="https://wordpress.org/support/article/debugging-in-wordpress/">Debugging in WordPress</a> for more information. (This message was added in version 3.1.0.) in /home/mqrgpgru/public_html/wp-includes/functions.php on line 5535
[09-Aug-2021 17:49:48 UTC] PHP Fatal error:  Interface 'JsonSerializable' not found in /home/mqrgpgru/public_html/wp-content/plugins/woocommerce/includes/class-wc-meta-data.php on line 17
[09-Aug-2021 17:49:48 UTC] PHP Notice:  is_embed was called <strong>incorrectly</strong>. Conditional query tags do not work before the query is run. Before then, they always return false. Please see <a href="https://wordpress.org/support/article/debugging-in-wordpress/">Debugging in WordPress</a> for more information. (This message was added in version 3.1.0.) in /home/mqrgpgru/public_html/wp-includes/functions.php on line 5535
[09-Aug-2021 17:49:48 UTC] PHP Notice:  is_search was called <strong>incorrectly</strong>. Conditional query tags do not work before the query is run. Before then, they always return false. Please see <a href="https://wordpress.org/support/article/debugging-in-wordpress/">Debugging in WordPress</a> for more information. (This message was added in version 3.1.0.) in /home/mqrgpgru/public_html/wp-includes/functions.php on line 5535
[09-Aug-2021 17:52:21 UTC] PHP Parse error:  syntax error, unexpected ':', expecting '{' in /home/mqrgpgru/public_html/wp-content/plugins/woocommerce/woocommerce.php on line 57
[09-Aug-2021 17:52:21 UTC] PHP Notice:  is_embed was called <strong>incorrectly</strong>. Conditional query tags do not work before the query is run. Before then, they always return false. Please see <a href="https://wordpress.org/support/article/debugging-in-wordpress/">Debugging in WordPress</a> for more information. (This message was added in version 3.1.0.) in /home/mqrgpgru/public_html/wp-includes/functions.php on line 5536
[09-Aug-2021 17:52:21 UTC] PHP Notice:  is_search was called <strong>incorrectly</strong>. Conditional query tags do not work before the query is run. Before then, they always return false. Please see <a href="https://wordpress.org/support/article/debugging-in-wordpress/">Debugging in WordPress</a> for more information. (This message was added in version 3.1.0.) in /home/mqrgpgru/public_html/wp-includes/functions.php on line 5536
[09-Aug-2021 17:52:25 UTC] PHP Parse error:  syntax error, unexpected ':', expecting '{' in /home/mqrgpgru/public_html/wp-content/plugins/woocommerce/woocommerce.php on line 57
[09-Aug-2021 17:52:25 UTC] PHP Notice:  is_embed was called <strong>incorrectly</strong>. Conditional query tags do not work before the query is run. Before then, they always return false. Please see <a href="https://wordpress.org/support/article/debugging-in-wordpress/">Debugging in WordPress</a> for more information. (This message was added in version 3.1.0.) in /home/mqrgpgru/public_html/wp-includes/functions.php on line 5536
[09-Aug-2021 17:52:25 UTC] PHP Notice:  is_search was called <strong>incorrectly</strong>. Conditional query tags do not work before the query is run. Before then, they always return false. Please see <a href="https://wordpress.org/support/article/debugging-in-wordpress/">Debugging in WordPress</a> for more information. (This message was added in version 3.1.0.) in /home/mqrgpgru/public_html/wp-includes/functions.php on line 5536
[09-Aug-2021 17:52:40 UTC] PHP Fatal error:  Interface 'JsonSerializable' not found in /home/mqrgpgru/public_html/wp-content/plugins/woocommerce/includes/class-wc-meta-data.php on line 17
[09-Aug-2021 17:52:40 UTC] PHP Notice:  is_embed was called <strong>incorrectly</strong>. Conditional query tags do not work before the query is run. Before then, they always return false. Please see <a href="https://wordpress.org/support/article/debugging-in-wordpress/">Debugging in WordPress</a> for more information. (This message was added in version 3.1.0.) in /home/mqrgpgru/public_html/wp-includes/functions.php on line 5535
[09-Aug-2021 17:52:40 UTC] PHP Notice:  is_search was called <strong>incorrectly</strong>. Conditional query tags do not work before the query is run. Before then, they always return false. Please see <a href="https://wordpress.org/support/article/debugging-in-wordpress/">Debugging in WordPress</a> for more information. (This message was added in version 3.1.0.) in /home/mqrgpgru/public_html/wp-includes/functions.php on line 5535
[09-Aug-2021 17:52:57 UTC] PHP Parse error:  syntax error, unexpected ':', expecting '{' in /home/mqrgpgru/public_html/wp-content/plugins/woocommerce/woocommerce.php on line 57
[09-Aug-2021 17:52:57 UTC] PHP Notice:  is_embed was called <strong>incorrectly</strong>. Conditional query tags do not work before the query is run. Before then, they always return false. Please see <a href="https://wordpress.org/support/article/debugging-in-wordpress/">Debugging in WordPress</a> for more information. (This message was added in version 3.1.0.) in /home/mqrgpgru/public_html/wp-includes/functions.php on line 5536
[09-Aug-2021 17:52:57 UTC] PHP Notice:  is_search was called <strong>incorrectly</strong>. Conditional query tags do not work before the query is run. Before then, they always return false. Please see <a href="https://wordpress.org/support/article/debugging-in-wordpress/">Debugging in WordPress</a> for more information. (This message was added in version 3.1.0.) in /home/mqrgpgru/public_html/wp-includes/functions.php on line 5536
[09-Aug-2021 17:54:33 UTC] PHP Fatal error:  Interface 'JsonSerializable' not found in /home/mqrgpgru/public_html/wp-content/plugins/woocommerce/includes/class-wc-meta-data.php on line 17
[09-Aug-2021 17:54:33 UTC] PHP Notice:  is_embed was called <strong>incorrectly</strong>. Conditional query tags do not work before the query is run. Before then, they always return false. Please see <a href="https://wordpress.org/support/article/debugging-in-wordpress/">Debugging in WordPress</a> for more information. (This message was added in version 3.1.0.) in /home/mqrgpgru/public_html/wp-includes/functions.php on line 5535
[09-Aug-2021 17:54:33 UTC] PHP Notice:  is_search was called <strong>incorrectly</strong>. Conditional query tags do not work before the query is run. Before then, they always return false. Please see <a href="https://wordpress.org/support/article/debugging-in-wordpress/">Debugging in WordPress</a> for more information. (This message was added in version 3.1.0.) in /home/mqrgpgru/public_html/wp-includes/functions.php on line 5535
[09-Aug-2021 17:55:04 UTC] PHP Fatal error:  Uncaught Error: Call to undefined function json_decode() in /home/mqrgpgru/public_html/wp-admin/includes/translation-install.php:85
Stack trace:
#0 /home/mqrgpgru/public_html/wp-admin/includes/translation-install.php(133): translations_api('core', Array)
#1 /home/mqrgpgru/public_html/wp-content/plugins/translatepress-multilingual/includes/class-languages.php(67): wp_get_available_translations()
#2 /home/mqrgpgru/public_html/wp-content/plugins/translatepress-multilingual/includes/class-languages.php(91): TRP_Languages->get_wp_languages()
#3 /home/mqrgpgru/public_html/wp-content/plugins/translatepress-multilingual/includes/class-machine-translator.php(31): TRP_Languages->get_iso_codes(Array)
#4 /home/mqrgpgru/public_html/wp-content/plugins/translatepress-multilingual/includes/class-machine-translation-tab.php(127): TRP_Machine_Translator->__construct(Array)
#5 /home/mqrgpgru/public_html/wp-content/plugins/translatepress-multilingual/class-translate-press.php(417): TRP_Machine_Translation_Tab->get_active_engine( in /home/mqrgpgru/public_html/wp-admin/includes/translation-install.php on line 85
[09-Aug-2021 17:55:04 UTC] PHP Notice:  is_embed was called <strong>incorrectly</strong>. Conditional query tags do not work before the query is run. Before then, they always return false. Please see <a href="https://wordpress.org/support/article/debugging-in-wordpress/">Debugging in WordPress</a> for more information. (This message was added in version 3.1.0.) in /home/mqrgpgru/public_html/wp-includes/functions.php on line 5535
[09-Aug-2021 17:55:04 UTC] PHP Notice:  is_search was called <strong>incorrectly</strong>. Conditional query tags do not work before the query is run. Before then, they always return false. Please see <a href="https://wordpress.org/support/article/debugging-in-wordpress/">Debugging in WordPress</a> for more information. (This message was added in version 3.1.0.) in /home/mqrgpgru/public_html/wp-includes/functions.php on line 5535
[09-Aug-2021 17:57:05 UTC] PHP Fatal error:  Uncaught Error: Call to undefined function json_decode() in /home/mqrgpgru/public_html/wp-admin/includes/translation-install.php:85
Stack trace:
#0 /home/mqrgpgru/public_html/wp-admin/includes/translation-install.php(133): translations_api('core', Array)
#1 /home/mqrgpgru/public_html/wp-content/plugins/translatepress-multilingual/includes/class-languages.php(67): wp_get_available_translations()
#2 /home/mqrgpgru/public_html/wp-content/plugins/translatepress-multilingual/includes/class-languages.php(91): TRP_Languages->get_wp_languages()
#3 /home/mqrgpgru/public_html/wp-content/plugins/translatepress-multilingual/includes/class-machine-translator.php(31): TRP_Languages->get_iso_codes(Array)
#4 /home/mqrgpgru/public_html/wp-content/plugins/translatepress-multilingual/includes/class-machine-translation-tab.php(127): TRP_Machine_Translator->__construct(Array)
#5 /home/mqrgpgru/public_html/wp-content/plugins/translatepress-multilingual/class-translate-press.php(417): TRP_Machine_Translation_Tab->get_active_engine( in /home/mqrgpgru/public_html/wp-admin/includes/translation-install.php on line 85
[09-Aug-2021 17:57:05 UTC] PHP Notice:  is_embed was called <strong>incorrectly</strong>. Conditional query tags do not work before the query is run. Before then, they always return false. Please see <a href="https://wordpress.org/support/article/debugging-in-wordpress/">Debugging in WordPress</a> for more information. (This message was added in version 3.1.0.) in /home/mqrgpgru/public_html/wp-includes/functions.php on line 5535
[09-Aug-2021 17:57:05 UTC] PHP Notice:  is_search was called <strong>incorrectly</strong>. Conditional query tags do not work before the query is run. Before then, they always return false. Please see <a href="https://wordpress.org/support/article/debugging-in-wordpress/">Debugging in WordPress</a> for more information. (This message was added in version 3.1.0.) in /home/mqrgpgru/public_html/wp-includes/functions.php on line 5535
[09-Aug-2021 17:57:18 UTC] PHP Fatal error:  Uncaught Error: Call to undefined function json_decode() in /home/mqrgpgru/public_html/wp-admin/includes/translation-install.php:85
Stack trace:
#0 /home/mqrgpgru/public_html/wp-admin/includes/translation-install.php(133): translations_api('core', Array)
#1 /home/mqrgpgru/public_html/wp-content/plugins/translatepress-multilingual/includes/class-languages.php(67): wp_get_available_translations()
#2 /home/mqrgpgru/public_html/wp-content/plugins/translatepress-multilingual/includes/class-languages.php(91): TRP_Languages->get_wp_languages()
#3 /home/mqrgpgru/public_html/wp-content/plugins/translatepress-multilingual/includes/class-machine-translator.php(31): TRP_Languages->get_iso_codes(Array)
#4 /home/mqrgpgru/public_html/wp-content/plugins/translatepress-multilingual/includes/class-machine-translation-tab.php(127): TRP_Machine_Translator->__construct(Array)
#5 /home/mqrgpgru/public_html/wp-content/plugins/translatepress-multilingual/class-translate-press.php(417): TRP_Machine_Translation_Tab->get_active_engine( in /home/mqrgpgru/public_html/wp-admin/includes/translation-install.php on line 85
[09-Aug-2021 17:57:18 UTC] PHP Notice:  is_embed was called <strong>incorrectly</strong>. Conditional query tags do not work before the query is run. Before then, they always return false. Please see <a href="https://wordpress.org/support/article/debugging-in-wordpress/">Debugging in WordPress</a> for more information. (This message was added in version 3.1.0.) in /home/mqrgpgru/public_html/wp-includes/functions.php on line 5535
[09-Aug-2021 17:57:18 UTC] PHP Notice:  is_search was called <strong>incorrectly</strong>. Conditional query tags do not work before the query is run. Before then, they always return false. Please see <a href="https://wordpress.org/support/article/debugging-in-wordpress/">Debugging in WordPress</a> for more information. (This message was added in version 3.1.0.) in /home/mqrgpgru/public_html/wp-includes/functions.php on line 5535
[09-Aug-2021 17:58:35 UTC] PHP Fatal error:  Uncaught Error: Call to undefined function json_decode() in /home/mqrgpgru/public_html/wp-includes/class-wp-block-parser.php:232
Stack trace:
#0 /home/mqrgpgru/public_html/wp-includes/blocks.php(886): WP_Block_Parser->parse('<em>Dates</em><...')
#1 /home/mqrgpgru/public_html/wp-includes/blocks.php(619): parse_blocks('<em>Dates</em><...')
#2 /home/mqrgpgru/public_html/wp-includes/formatting.php(5007): filter_block_content('<em>Dates</em><...', 'post', Array)
#3 /home/mqrgpgru/public_html/wp-includes/class-wp-hook.php(303): wp_pre_kses_block_attributes('<em>Dates</em><...', 'post', Array)
#4 /home/mqrgpgru/public_html/wp-includes/plugin.php(189): WP_Hook->apply_filters('<em>Dates</em><...', Array)
#5 /home/mqrgpgru/public_html/wp-includes/kses.php(941): apply_filters('pre_kses', '<em>Dates</em><...', 'post', Array)
#6 /home/mqrgpgru/public_html/wp-includes/kses.php(759): wp_kses_hook('<em>Dates</em><...', 'post', Array)
#7 /home/mqrgpgru/public_html/wp-includes/kses.php(2044): wp_kses('<em>Dates</em><...', 'pos in /home/mqrgpgru/public_html/wp-includes/class-wp-block-parser.php on line 232
[09-Aug-2021 17:59:17 UTC] PHP Fatal error:  Uncaught Error: Call to undefined function json_decode() in /home/mqrgpgru/public_html/wp-includes/class-wp-block-parser.php:232
Stack trace:
#0 /home/mqrgpgru/public_html/wp-includes/blocks.php(886): WP_Block_Parser->parse('<em>Dates</em><...')
#1 /home/mqrgpgru/public_html/wp-includes/blocks.php(619): parse_blocks('<em>Dates</em><...')
#2 /home/mqrgpgru/public_html/wp-includes/formatting.php(5007): filter_block_content('<em>Dates</em><...', 'post', Array)
#3 /home/mqrgpgru/public_html/wp-includes/class-wp-hook.php(303): wp_pre_kses_block_attributes('<em>Dates</em><...', 'post', Array)
#4 /home/mqrgpgru/public_html/wp-includes/plugin.php(189): WP_Hook->apply_filters('<em>Dates</em><...', Array)
#5 /home/mqrgpgru/public_html/wp-includes/kses.php(941): apply_filters('pre_kses', '<em>Dates</em><...', 'post', Array)
#6 /home/mqrgpgru/public_html/wp-includes/kses.php(759): wp_kses_hook('<em>Dates</em><...', 'post', Array)
#7 /home/mqrgpgru/public_html/wp-includes/kses.php(2044): wp_kses('<em>Dates</em><...', 'pos in /home/mqrgpgru/public_html/wp-includes/class-wp-block-parser.php on line 232
[09-Aug-2021 17:59:20 UTC] PHP Fatal error:  Uncaught Error: Call to undefined function json_decode() in /home/mqrgpgru/public_html/wp-includes/class-wp-block-parser.php:232
Stack trace:
#0 /home/mqrgpgru/public_html/wp-includes/blocks.php(886): WP_Block_Parser->parse('<em>Dates</em><...')
#1 /home/mqrgpgru/public_html/wp-includes/blocks.php(619): parse_blocks('<em>Dates</em><...')
#2 /home/mqrgpgru/public_html/wp-includes/formatting.php(5007): filter_block_content('<em>Dates</em><...', 'post', Array)
#3 /home/mqrgpgru/public_html/wp-includes/class-wp-hook.php(303): wp_pre_kses_block_attributes('<em>Dates</em><...', 'post', Array)
#4 /home/mqrgpgru/public_html/wp-includes/plugin.php(189): WP_Hook->apply_filters('<em>Dates</em><...', Array)
#5 /home/mqrgpgru/public_html/wp-includes/kses.php(941): apply_filters('pre_kses', '<em>Dates</em><...', 'post', Array)
#6 /home/mqrgpgru/public_html/wp-includes/kses.php(759): wp_kses_hook('<em>Dates</em><...', 'post', Array)
#7 /home/mqrgpgru/public_html/wp-includes/kses.php(2044): wp_kses('<em>Dates</em><...', 'pos in /home/mqrgpgru/public_html/wp-includes/class-wp-block-parser.php on line 232
[09-Aug-2021 18:00:30 UTC] PHP Notice:  Trying to get property of non-object in /home/mqrgpgru/public_html/wp-content/themes/CauDat_theme/header.php on line 124
[09-Aug-2021 18:00:30 UTC] PHP Notice:  Trying to get property of non-object in /home/mqrgpgru/public_html/wp-content/themes/CauDat_theme/header.php on line 124
[09-Aug-2021 18:00:30 UTC] PHP Notice:  Trying to get property of non-object in /home/mqrgpgru/public_html/wp-content/themes/CauDat_theme/header.php on line 160
[09-Aug-2021 18:00:30 UTC] PHP Notice:  Trying to get property of non-object in /home/mqrgpgru/public_html/wp-content/themes/CauDat_theme/header.php on line 160
[09-Aug-2021 18:00:43 UTC] PHP Parse error:  syntax error, unexpected ':', expecting '{' in /home/mqrgpgru/public_html/wp-content/plugins/woocommerce/woocommerce.php on line 57
[09-Aug-2021 18:00:43 UTC] PHP Notice:  is_embed was called <strong>incorrectly</strong>. Conditional query tags do not work before the query is run. Before then, they always return false. Please see <a href="https://wordpress.org/support/article/debugging-in-wordpress/">Debugging in WordPress</a> for more information. (This message was added in version 3.1.0.) in /home/mqrgpgru/public_html/wp-includes/functions.php on line 5536
[09-Aug-2021 18:00:43 UTC] PHP Notice:  is_search was called <strong>incorrectly</strong>. Conditional query tags do not work before the query is run. Before then, they always return false. Please see <a href="https://wordpress.org/support/article/debugging-in-wordpress/">Debugging in WordPress</a> for more information. (This message was added in version 3.1.0.) in /home/mqrgpgru/public_html/wp-includes/functions.php on line 5536
[09-Aug-2021 18:00:59 UTC] PHP Fatal error:  Interface 'JsonSerializable' not found in /home/mqrgpgru/public_html/wp-content/plugins/woocommerce/includes/class-wc-meta-data.php on line 17
[09-Aug-2021 18:00:59 UTC] PHP Notice:  is_embed was called <strong>incorrectly</strong>. Conditional query tags do not work before the query is run. Before then, they always return false. Please see <a href="https://wordpress.org/support/article/debugging-in-wordpress/">Debugging in WordPress</a> for more information. (This message was added in version 3.1.0.) in /home/mqrgpgru/public_html/wp-includes/functions.php on line 5535
[09-Aug-2021 18:00:59 UTC] PHP Notice:  is_search was called <strong>incorrectly</strong>. Conditional query tags do not work before the query is run. Before then, they always return false. Please see <a href="https://wordpress.org/support/article/debugging-in-wordpress/">Debugging in WordPress</a> for more information. (This message was added in version 3.1.0.) in /home/mqrgpgru/public_html/wp-includes/functions.php on line 5535
[09-Aug-2021 18:02:44 UTC] PHP Fatal error:  Interface 'JsonSerializable' not found in /home/mqrgpgru/public_html/wp-content/plugins/woocommerce/includes/class-wc-meta-data.php on line 17
[09-Aug-2021 18:02:44 UTC] PHP Notice:  is_embed was called <strong>incorrectly</strong>. Conditional query tags do not work before the query is run. Before then, they always return false. Please see <a href="https://wordpress.org/support/article/debugging-in-wordpress/">Debugging in WordPress</a> for more information. (This message was added in version 3.1.0.) in /home/mqrgpgru/public_html/wp-includes/functions.php on line 5535
[09-Aug-2021 18:02:44 UTC] PHP Notice:  is_search was called <strong>incorrectly</strong>. Conditional query tags do not work before the query is run. Before then, they always return false. Please see <a href="https://wordpress.org/support/article/debugging-in-wordpress/">Debugging in WordPress</a> for more information. (This message was added in version 3.1.0.) in /home/mqrgpgru/public_html/wp-includes/functions.php on line 5535
[09-Aug-2021 18:03:01 UTC] PHP Fatal error:  Interface 'JsonSerializable' not found in /home/mqrgpgru/public_html/wp-content/plugins/woocommerce/includes/class-wc-meta-data.php on line 17
[09-Aug-2021 18:03:01 UTC] PHP Notice:  is_embed was called <strong>incorrectly</strong>. Conditional query tags do not work before the query is run. Before then, they always return false. Please see <a href="https://wordpress.org/support/article/debugging-in-wordpress/">Debugging in WordPress</a> for more information. (This message was added in version 3.1.0.) in /home/mqrgpgru/public_html/wp-includes/functions.php on line 5535
[09-Aug-2021 18:03:01 UTC] PHP Notice:  is_search was called <strong>incorrectly</strong>. Conditional query tags do not work before the query is run. Before then, they always return false. Please see <a href="https://wordpress.org/support/article/debugging-in-wordpress/">Debugging in WordPress</a> for more information. (This message was added in version 3.1.0.) in /home/mqrgpgru/public_html/wp-includes/functions.php on line 5535
[09-Aug-2021 18:03:30 UTC] PHP Parse error:  syntax error, unexpected ':', expecting '{' in /home/mqrgpgru/public_html/wp-content/plugins/woocommerce/woocommerce.php on line 57
[09-Aug-2021 18:03:30 UTC] PHP Notice:  is_embed was called <strong>incorrectly</strong>. Conditional query tags do not work before the query is run. Before then, they always return false. Please see <a href="https://wordpress.org/support/article/debugging-in-wordpress/">Debugging in WordPress</a> for more information. (This message was added in version 3.1.0.) in /home/mqrgpgru/public_html/wp-includes/functions.php on line 5536
[09-Aug-2021 18:03:30 UTC] PHP Notice:  is_search was called <strong>incorrectly</strong>. Conditional query tags do not work before the query is run. Before then, they always return false. Please see <a href="https://wordpress.org/support/article/debugging-in-wordpress/">Debugging in WordPress</a> for more information. (This message was added in version 3.1.0.) in /home/mqrgpgru/public_html/wp-includes/functions.php on line 5536
[09-Aug-2021 18:06:37 UTC] PHP Fatal error:  Uncaught Error: Call to undefined function json_encode() in /home/mqrgpgru/public_html/wp-includes/functions.php:4005
Stack trace:
#0 /home/mqrgpgru/public_html/wp-includes/widgets/class-wp-widget-text.php(59): wp_json_encode('text')
#1 /home/mqrgpgru/public_html/wp-includes/class-wp-widget.php(265): WP_Widget_Text->_register_one(1)
#2 /home/mqrgpgru/public_html/wp-includes/class-wp-widget-factory.php(102): WP_Widget->_register()
#3 /home/mqrgpgru/public_html/wp-includes/class-wp-hook.php(303): WP_Widget_Factory->_register_widgets('')
#4 /home/mqrgpgru/public_html/wp-includes/class-wp-hook.php(327): WP_Hook->apply_filters(NULL, Array)
#5 /home/mqrgpgru/public_html/wp-includes/plugin.php(470): WP_Hook->do_action(Array)
#6 /home/mqrgpgru/public_html/wp-includes/widgets.php(1809): do_action('widgets_init')
#7 /home/mqrgpgru/public_html/wp-includes/class-wp-hook.php(303): wp_widgets_init('')
#8 /home/mqrgpgru/public_html/wp-includes/class-wp-hook.php(327): WP_Hook->apply_filters(NULL, Array)
#9 /home/mqrgpgru/pub in /home/mqrgpgru/public_html/wp-includes/functions.php on line 4005
[09-Aug-2021 18:07:16 UTC] PHP Fatal error:  Uncaught Error: Call to undefined function json_encode() in /home/mqrgpgru/public_html/wp-includes/functions.php:4005
Stack trace:
#0 /home/mqrgpgru/public_html/wp-includes/widgets/class-wp-widget-text.php(59): wp_json_encode('text')
#1 /home/mqrgpgru/public_html/wp-includes/class-wp-widget.php(265): WP_Widget_Text->_register_one(1)
#2 /home/mqrgpgru/public_html/wp-includes/class-wp-widget-factory.php(102): WP_Widget->_register()
#3 /home/mqrgpgru/public_html/wp-includes/class-wp-hook.php(303): WP_Widget_Factory->_register_widgets('')
#4 /home/mqrgpgru/public_html/wp-includes/class-wp-hook.php(327): WP_Hook->apply_filters(NULL, Array)
#5 /home/mqrgpgru/public_html/wp-includes/plugin.php(470): WP_Hook->do_action(Array)
#6 /home/mqrgpgru/public_html/wp-includes/widgets.php(1809): do_action('widgets_init')
#7 /home/mqrgpgru/public_html/wp-includes/class-wp-hook.php(303): wp_widgets_init('')
#8 /home/mqrgpgru/public_html/wp-includes/class-wp-hook.php(327): WP_Hook->apply_filters(NULL, Array)
#9 /home/mqrgpgru/pub in /home/mqrgpgru/public_html/wp-includes/functions.php on line 4005
[09-Aug-2021 18:07:26 UTC] PHP Fatal error:  Uncaught Error: Call to undefined function json_encode() in /home/mqrgpgru/public_html/wp-includes/functions.php:4005
Stack trace:
#0 /home/mqrgpgru/public_html/wp-includes/widgets/class-wp-widget-text.php(59): wp_json_encode('text')
#1 /home/mqrgpgru/public_html/wp-includes/class-wp-widget.php(265): WP_Widget_Text->_register_one(1)
#2 /home/mqrgpgru/public_html/wp-includes/class-wp-widget-factory.php(102): WP_Widget->_register()
#3 /home/mqrgpgru/public_html/wp-includes/class-wp-hook.php(303): WP_Widget_Factory->_register_widgets('')
#4 /home/mqrgpgru/public_html/wp-includes/class-wp-hook.php(327): WP_Hook->apply_filters(NULL, Array)
#5 /home/mqrgpgru/public_html/wp-includes/plugin.php(470): WP_Hook->do_action(Array)
#6 /home/mqrgpgru/public_html/wp-includes/widgets.php(1809): do_action('widgets_init')
#7 /home/mqrgpgru/public_html/wp-includes/class-wp-hook.php(303): wp_widgets_init('')
#8 /home/mqrgpgru/public_html/wp-includes/class-wp-hook.php(327): WP_Hook->apply_filters(NULL, Array)
#9 /home/mqrgpgru/pub in /home/mqrgpgru/public_html/wp-includes/functions.php on line 4005
[09-Aug-2021 18:07:30 UTC] PHP Fatal error:  Uncaught Error: Call to undefined function json_encode() in /home/mqrgpgru/public_html/wp-includes/functions.php:4005
Stack trace:
#0 /home/mqrgpgru/public_html/wp-includes/widgets/class-wp-widget-text.php(59): wp_json_encode('text')
#1 /home/mqrgpgru/public_html/wp-includes/class-wp-widget.php(265): WP_Widget_Text->_register_one(1)
#2 /home/mqrgpgru/public_html/wp-includes/class-wp-widget-factory.php(102): WP_Widget->_register()
#3 /home/mqrgpgru/public_html/wp-includes/class-wp-hook.php(303): WP_Widget_Factory->_register_widgets('')
#4 /home/mqrgpgru/public_html/wp-includes/class-wp-hook.php(327): WP_Hook->apply_filters(NULL, Array)
#5 /home/mqrgpgru/public_html/wp-includes/plugin.php(470): WP_Hook->do_action(Array)
#6 /home/mqrgpgru/public_html/wp-includes/widgets.php(1809): do_action('widgets_init')
#7 /home/mqrgpgru/public_html/wp-includes/class-wp-hook.php(303): wp_widgets_init('')
#8 /home/mqrgpgru/public_html/wp-includes/class-wp-hook.php(327): WP_Hook->apply_filters(NULL, Array)
#9 /home/mqrgpgru/pub in /home/mqrgpgru/public_html/wp-includes/functions.php on line 4005
[09-Aug-2021 18:07:30 UTC] PHP Fatal error:  Uncaught Error: Call to undefined function json_encode() in /home/mqrgpgru/public_html/wp-includes/functions.php:4005
Stack trace:
#0 /home/mqrgpgru/public_html/wp-includes/widgets/class-wp-widget-text.php(59): wp_json_encode('text')
#1 /home/mqrgpgru/public_html/wp-includes/class-wp-widget.php(265): WP_Widget_Text->_register_one(1)
#2 /home/mqrgpgru/public_html/wp-includes/class-wp-widget-factory.php(102): WP_Widget->_register()
#3 /home/mqrgpgru/public_html/wp-includes/class-wp-hook.php(303): WP_Widget_Factory->_register_widgets('')
#4 /home/mqrgpgru/public_html/wp-includes/class-wp-hook.php(327): WP_Hook->apply_filters(NULL, Array)
#5 /home/mqrgpgru/public_html/wp-includes/plugin.php(470): WP_Hook->do_action(Array)
#6 /home/mqrgpgru/public_html/wp-includes/widgets.php(1809): do_action('widgets_init')
#7 /home/mqrgpgru/public_html/wp-includes/class-wp-hook.php(303): wp_widgets_init('')
#8 /home/mqrgpgru/public_html/wp-includes/class-wp-hook.php(327): WP_Hook->apply_filters(NULL, Array)
#9 /home/mqrgpgru/pub in /home/mqrgpgru/public_html/wp-includes/functions.php on line 4005
[09-Aug-2021 18:07:30 UTC] PHP Fatal error:  Uncaught Error: Call to undefined function json_encode() in /home/mqrgpgru/public_html/wp-includes/functions.php:4005
Stack trace:
#0 /home/mqrgpgru/public_html/wp-includes/widgets/class-wp-widget-text.php(59): wp_json_encode('text')
#1 /home/mqrgpgru/public_html/wp-includes/class-wp-widget.php(265): WP_Widget_Text->_register_one(1)
#2 /home/mqrgpgru/public_html/wp-includes/class-wp-widget-factory.php(102): WP_Widget->_register()
#3 /home/mqrgpgru/public_html/wp-includes/class-wp-hook.php(303): WP_Widget_Factory->_register_widgets('')
#4 /home/mqrgpgru/public_html/wp-includes/class-wp-hook.php(327): WP_Hook->apply_filters(NULL, Array)
#5 /home/mqrgpgru/public_html/wp-includes/plugin.php(470): WP_Hook->do_action(Array)
#6 /home/mqrgpgru/public_html/wp-includes/widgets.php(1809): do_action('widgets_init')
#7 /home/mqrgpgru/public_html/wp-includes/class-wp-hook.php(303): wp_widgets_init('')
#8 /home/mqrgpgru/public_html/wp-includes/class-wp-hook.php(327): WP_Hook->apply_filters(NULL, Array)
#9 /home/mqrgpgru/pub in /home/mqrgpgru/public_html/wp-includes/functions.php on line 4005
[09-Aug-2021 18:08:03 UTC] PHP Fatal error:  Uncaught Error: Call to undefined function json_encode() in /home/mqrgpgru/public_html/wp-includes/functions.php:4005
Stack trace:
#0 /home/mqrgpgru/public_html/wp-includes/widgets/class-wp-widget-text.php(59): wp_json_encode('text')
#1 /home/mqrgpgru/public_html/wp-includes/class-wp-widget.php(265): WP_Widget_Text->_register_one(1)
#2 /home/mqrgpgru/public_html/wp-includes/class-wp-widget-factory.php(102): WP_Widget->_register()
#3 /home/mqrgpgru/public_html/wp-includes/class-wp-hook.php(303): WP_Widget_Factory->_register_widgets('')
#4 /home/mqrgpgru/public_html/wp-includes/class-wp-hook.php(327): WP_Hook->apply_filters(NULL, Array)
#5 /home/mqrgpgru/public_html/wp-includes/plugin.php(470): WP_Hook->do_action(Array)
#6 /home/mqrgpgru/public_html/wp-includes/widgets.php(1809): do_action('widgets_init')
#7 /home/mqrgpgru/public_html/wp-includes/class-wp-hook.php(303): wp_widgets_init('')
#8 /home/mqrgpgru/public_html/wp-includes/class-wp-hook.php(327): WP_Hook->apply_filters(NULL, Array)
#9 /home/mqrgpgru/pub in /home/mqrgpgru/public_html/wp-includes/functions.php on line 4005
[09-Aug-2021 18:08:16 UTC] PHP Fatal error:  Uncaught Error: Call to undefined function json_encode() in /home/mqrgpgru/public_html/wp-includes/functions.php:4005
Stack trace:
#0 /home/mqrgpgru/public_html/wp-includes/widgets/class-wp-widget-text.php(59): wp_json_encode('text')
#1 /home/mqrgpgru/public_html/wp-includes/class-wp-widget.php(265): WP_Widget_Text->_register_one(1)
#2 /home/mqrgpgru/public_html/wp-includes/class-wp-widget-factory.php(102): WP_Widget->_register()
#3 /home/mqrgpgru/public_html/wp-includes/class-wp-hook.php(303): WP_Widget_Factory->_register_widgets('')
#4 /home/mqrgpgru/public_html/wp-includes/class-wp-hook.php(327): WP_Hook->apply_filters(NULL, Array)
#5 /home/mqrgpgru/public_html/wp-includes/plugin.php(470): WP_Hook->do_action(Array)
#6 /home/mqrgpgru/public_html/wp-includes/widgets.php(1809): do_action('widgets_init')
#7 /home/mqrgpgru/public_html/wp-includes/class-wp-hook.php(303): wp_widgets_init('')
#8 /home/mqrgpgru/public_html/wp-includes/class-wp-hook.php(327): WP_Hook->apply_filters(NULL, Array)
#9 /home/mqrgpgru/pub in /home/mqrgpgru/public_html/wp-includes/functions.php on line 4005
[09-Aug-2021 18:08:26 UTC] PHP Fatal error:  Uncaught Error: Call to undefined function json_encode() in /home/mqrgpgru/public_html/wp-includes/functions.php:4005
Stack trace:
#0 /home/mqrgpgru/public_html/wp-includes/widgets/class-wp-widget-text.php(59): wp_json_encode('text')
#1 /home/mqrgpgru/public_html/wp-includes/class-wp-widget.php(265): WP_Widget_Text->_register_one(1)
#2 /home/mqrgpgru/public_html/wp-includes/class-wp-widget-factory.php(102): WP_Widget->_register()
#3 /home/mqrgpgru/public_html/wp-includes/class-wp-hook.php(303): WP_Widget_Factory->_register_widgets('')
#4 /home/mqrgpgru/public_html/wp-includes/class-wp-hook.php(327): WP_Hook->apply_filters(NULL, Array)
#5 /home/mqrgpgru/public_html/wp-includes/plugin.php(470): WP_Hook->do_action(Array)
#6 /home/mqrgpgru/public_html/wp-includes/widgets.php(1809): do_action('widgets_init')
#7 /home/mqrgpgru/public_html/wp-includes/class-wp-hook.php(303): wp_widgets_init('')
#8 /home/mqrgpgru/public_html/wp-includes/class-wp-hook.php(327): WP_Hook->apply_filters(NULL, Array)
#9 /home/mqrgpgru/pub in /home/mqrgpgru/public_html/wp-includes/functions.php on line 4005
[09-Aug-2021 18:08:29 UTC] PHP Fatal error:  Uncaught Error: Call to undefined function json_encode() in /home/mqrgpgru/public_html/wp-includes/functions.php:4005
Stack trace:
#0 /home/mqrgpgru/public_html/wp-includes/widgets/class-wp-widget-text.php(59): wp_json_encode('text')
#1 /home/mqrgpgru/public_html/wp-includes/class-wp-widget.php(265): WP_Widget_Text->_register_one(1)
#2 /home/mqrgpgru/public_html/wp-includes/class-wp-widget-factory.php(102): WP_Widget->_register()
#3 /home/mqrgpgru/public_html/wp-includes/class-wp-hook.php(303): WP_Widget_Factory->_register_widgets('')
#4 /home/mqrgpgru/public_html/wp-includes/class-wp-hook.php(327): WP_Hook->apply_filters(NULL, Array)
#5 /home/mqrgpgru/public_html/wp-includes/plugin.php(470): WP_Hook->do_action(Array)
#6 /home/mqrgpgru/public_html/wp-includes/widgets.php(1809): do_action('widgets_init')
#7 /home/mqrgpgru/public_html/wp-includes/class-wp-hook.php(303): wp_widgets_init('')
#8 /home/mqrgpgru/public_html/wp-includes/class-wp-hook.php(327): WP_Hook->apply_filters(NULL, Array)
#9 /home/mqrgpgru/pub in /home/mqrgpgru/public_html/wp-includes/functions.php on line 4005
[09-Aug-2021 18:15:26 UTC] PHP Fatal error:  Uncaught Error: Call to undefined function json_encode() in /home/mqrgpgru/public_html/wp-includes/functions.php:4005
Stack trace:
#0 /home/mqrgpgru/public_html/wp-includes/widgets/class-wp-widget-text.php(59): wp_json_encode('text')
#1 /home/mqrgpgru/public_html/wp-includes/class-wp-widget.php(265): WP_Widget_Text->_register_one(1)
#2 /home/mqrgpgru/public_html/wp-includes/class-wp-widget-factory.php(102): WP_Widget->_register()
#3 /home/mqrgpgru/public_html/wp-includes/class-wp-hook.php(303): WP_Widget_Factory->_register_widgets('')
#4 /home/mqrgpgru/public_html/wp-includes/class-wp-hook.php(327): WP_Hook->apply_filters(NULL, Array)
#5 /home/mqrgpgru/public_html/wp-includes/plugin.php(470): WP_Hook->do_action(Array)
#6 /home/mqrgpgru/public_html/wp-includes/widgets.php(1809): do_action('widgets_init')
#7 /home/mqrgpgru/public_html/wp-includes/class-wp-hook.php(303): wp_widgets_init('')
#8 /home/mqrgpgru/public_html/wp-includes/class-wp-hook.php(327): WP_Hook->apply_filters(NULL, Array)
#9 /home/mqrgpgru/pub in /home/mqrgpgru/public_html/wp-includes/functions.php on line 4005
[09-Aug-2021 18:15:31 UTC] PHP Fatal error:  Uncaught Error: Call to undefined function json_encode() in /home/mqrgpgru/public_html/wp-includes/functions.php:4005
Stack trace:
#0 /home/mqrgpgru/public_html/wp-includes/widgets/class-wp-widget-text.php(59): wp_json_encode('text')
#1 /home/mqrgpgru/public_html/wp-includes/class-wp-widget.php(265): WP_Widget_Text->_register_one(1)
#2 /home/mqrgpgru/public_html/wp-includes/class-wp-widget-factory.php(102): WP_Widget->_register()
#3 /home/mqrgpgru/public_html/wp-includes/class-wp-hook.php(303): WP_Widget_Factory->_register_widgets('')
#4 /home/mqrgpgru/public_html/wp-includes/class-wp-hook.php(327): WP_Hook->apply_filters(NULL, Array)
#5 /home/mqrgpgru/public_html/wp-includes/plugin.php(470): WP_Hook->do_action(Array)
#6 /home/mqrgpgru/public_html/wp-includes/widgets.php(1809): do_action('widgets_init')
#7 /home/mqrgpgru/public_html/wp-includes/class-wp-hook.php(303): wp_widgets_init('')
#8 /home/mqrgpgru/public_html/wp-includes/class-wp-hook.php(327): WP_Hook->apply_filters(NULL, Array)
#9 /home/mqrgpgru/pub in /home/mqrgpgru/public_html/wp-includes/functions.php on line 4005
[09-Aug-2021 18:15:54 UTC] PHP Fatal error:  Uncaught Error: Call to undefined function json_encode() in /home/mqrgpgru/public_html/wp-includes/functions.php:4005
Stack trace:
#0 /home/mqrgpgru/public_html/wp-includes/widgets/class-wp-widget-text.php(59): wp_json_encode('text')
#1 /home/mqrgpgru/public_html/wp-includes/class-wp-widget.php(265): WP_Widget_Text->_register_one(1)
#2 /home/mqrgpgru/public_html/wp-includes/class-wp-widget-factory.php(102): WP_Widget->_register()
#3 /home/mqrgpgru/public_html/wp-includes/class-wp-hook.php(303): WP_Widget_Factory->_register_widgets('')
#4 /home/mqrgpgru/public_html/wp-includes/class-wp-hook.php(327): WP_Hook->apply_filters(NULL, Array)
#5 /home/mqrgpgru/public_html/wp-includes/plugin.php(470): WP_Hook->do_action(Array)
#6 /home/mqrgpgru/public_html/wp-includes/widgets.php(1809): do_action('widgets_init')
#7 /home/mqrgpgru/public_html/wp-includes/class-wp-hook.php(303): wp_widgets_init('')
#8 /home/mqrgpgru/public_html/wp-includes/class-wp-hook.php(327): WP_Hook->apply_filters(NULL, Array)
#9 /home/mqrgpgru/pub in /home/mqrgpgru/public_html/wp-includes/functions.php on line 4005
[09-Aug-2021 18:18:02 UTC] PHP Fatal error:  Allowed memory size of 41943040 bytes exhausted (tried to allocate 65536 bytes) in /home/mqrgpgru/public_html/wp-content/plugins/woocommerce/packages/woocommerce-blocks/src/RestApi.php on line 75
[09-Aug-2021 18:18:02 UTC] PHP Fatal error:  Allowed memory size of 41943040 bytes exhausted (tried to allocate 65536 bytes) in Unknown on line 0
[09-Aug-2021 18:18:11 UTC] PHP Fatal error:  Allowed memory size of 41943040 bytes exhausted (tried to allocate 20480 bytes) in /home/mqrgpgru/public_html/wp-includes/pomo/mo.php on line 323
[09-Aug-2021 18:18:42 UTC] PHP Fatal error:  Uncaught Error: Call to undefined function json_encode() in /home/mqrgpgru/public_html/wp-includes/functions.php:4005
Stack trace:
#0 /home/mqrgpgru/public_html/wp-includes/widgets/class-wp-widget-text.php(59): wp_json_encode('text')
#1 /home/mqrgpgru/public_html/wp-includes/class-wp-widget.php(265): WP_Widget_Text->_register_one(1)
#2 /home/mqrgpgru/public_html/wp-includes/class-wp-widget-factory.php(102): WP_Widget->_register()
#3 /home/mqrgpgru/public_html/wp-includes/class-wp-hook.php(303): WP_Widget_Factory->_register_widgets('')
#4 /home/mqrgpgru/public_html/wp-includes/class-wp-hook.php(327): WP_Hook->apply_filters(NULL, Array)
#5 /home/mqrgpgru/public_html/wp-includes/plugin.php(470): WP_Hook->do_action(Array)
#6 /home/mqrgpgru/public_html/wp-includes/widgets.php(1809): do_action('widgets_init')
#7 /home/mqrgpgru/public_html/wp-includes/class-wp-hook.php(303): wp_widgets_init('')
#8 /home/mqrgpgru/public_html/wp-includes/class-wp-hook.php(327): WP_Hook->apply_filters(NULL, Array)
#9 /home/mqrgpgru/pub in /home/mqrgpgru/public_html/wp-includes/functions.php on line 4005
[09-Aug-2021 18:18:44 UTC] PHP Fatal error:  Uncaught Error: Call to undefined function json_encode() in /home/mqrgpgru/public_html/wp-includes/functions.php:4005
Stack trace:
#0 /home/mqrgpgru/public_html/wp-includes/widgets/class-wp-widget-text.php(59): wp_json_encode('text')
#1 /home/mqrgpgru/public_html/wp-includes/class-wp-widget.php(265): WP_Widget_Text->_register_one(1)
#2 /home/mqrgpgru/public_html/wp-includes/class-wp-widget-factory.php(102): WP_Widget->_register()
#3 /home/mqrgpgru/public_html/wp-includes/class-wp-hook.php(303): WP_Widget_Factory->_register_widgets('')
#4 /home/mqrgpgru/public_html/wp-includes/class-wp-hook.php(327): WP_Hook->apply_filters(NULL, Array)
#5 /home/mqrgpgru/public_html/wp-includes/plugin.php(470): WP_Hook->do_action(Array)
#6 /home/mqrgpgru/public_html/wp-includes/widgets.php(1809): do_action('widgets_init')
#7 /home/mqrgpgru/public_html/wp-includes/class-wp-hook.php(303): wp_widgets_init('')
#8 /home/mqrgpgru/public_html/wp-includes/class-wp-hook.php(327): WP_Hook->apply_filters(NULL, Array)
#9 /home/mqrgpgru/pub in /home/mqrgpgru/public_html/wp-includes/functions.php on line 4005
[09-Aug-2021 18:18:47 UTC] PHP Fatal error:  Uncaught Error: Call to undefined function json_encode() in /home/mqrgpgru/public_html/wp-includes/functions.php:4005
Stack trace:
#0 /home/mqrgpgru/public_html/wp-includes/widgets/class-wp-widget-text.php(59): wp_json_encode('text')
#1 /home/mqrgpgru/public_html/wp-includes/class-wp-widget.php(265): WP_Widget_Text->_register_one(1)
#2 /home/mqrgpgru/public_html/wp-includes/class-wp-widget-factory.php(102): WP_Widget->_register()
#3 /home/mqrgpgru/public_html/wp-includes/class-wp-hook.php(303): WP_Widget_Factory->_register_widgets('')
#4 /home/mqrgpgru/public_html/wp-includes/class-wp-hook.php(327): WP_Hook->apply_filters(NULL, Array)
#5 /home/mqrgpgru/public_html/wp-includes/plugin.php(470): WP_Hook->do_action(Array)
#6 /home/mqrgpgru/public_html/wp-includes/widgets.php(1809): do_action('widgets_init')
#7 /home/mqrgpgru/public_html/wp-includes/class-wp-hook.php(303): wp_widgets_init('')
#8 /home/mqrgpgru/public_html/wp-includes/class-wp-hook.php(327): WP_Hook->apply_filters(NULL, Array)
#9 /home/mqrgpgru/pub in /home/mqrgpgru/public_html/wp-includes/functions.php on line 4005
[09-Aug-2021 18:18:47 UTC] PHP Fatal error:  Uncaught Error: Call to undefined function json_encode() in /home/mqrgpgru/public_html/wp-includes/functions.php:4005
Stack trace:
#0 /home/mqrgpgru/public_html/wp-includes/widgets/class-wp-widget-text.php(59): wp_json_encode('text')
#1 /home/mqrgpgru/public_html/wp-includes/class-wp-widget.php(265): WP_Widget_Text->_register_one(1)
#2 /home/mqrgpgru/public_html/wp-includes/class-wp-widget-factory.php(102): WP_Widget->_register()
#3 /home/mqrgpgru/public_html/wp-includes/class-wp-hook.php(303): WP_Widget_Factory->_register_widgets('')
#4 /home/mqrgpgru/public_html/wp-includes/class-wp-hook.php(327): WP_Hook->apply_filters(NULL, Array)
#5 /home/mqrgpgru/public_html/wp-includes/plugin.php(470): WP_Hook->do_action(Array)
#6 /home/mqrgpgru/public_html/wp-includes/widgets.php(1809): do_action('widgets_init')
#7 /home/mqrgpgru/public_html/wp-includes/class-wp-hook.php(303): wp_widgets_init('')
#8 /home/mqrgpgru/public_html/wp-includes/class-wp-hook.php(327): WP_Hook->apply_filters(NULL, Array)
#9 /home/mqrgpgru/pub in /home/mqrgpgru/public_html/wp-includes/functions.php on line 4005
[09-Aug-2021 18:19:37 UTC] PHP Notice:  Trying to get property 'cart' of non-object in /home/mqrgpgru/public_html/wp-content/themes/CauDat_theme/header.php on line 124
[09-Aug-2021 18:19:37 UTC] PHP Notice:  Trying to get property 'cart_contents_count' of non-object in /home/mqrgpgru/public_html/wp-content/themes/CauDat_theme/header.php on line 124
[09-Aug-2021 18:19:37 UTC] PHP Notice:  Trying to get property 'cart' of non-object in /home/mqrgpgru/public_html/wp-content/themes/CauDat_theme/header.php on line 160
[09-Aug-2021 18:19:37 UTC] PHP Notice:  Trying to get property 'cart_contents_count' of non-object in /home/mqrgpgru/public_html/wp-content/themes/CauDat_theme/header.php on line 160
[09-Aug-2021 18:19:44 UTC] PHP Fatal error:  Allowed memory size of 41943040 bytes exhausted (tried to allocate 20480 bytes) in /home/mqrgpgru/public_html/wp-content/plugins/woocommerce/packages/woocommerce-blocks/src/StoreApi/Schemas/CartItemSchema.php on line 35
[09-Aug-2021 18:19:44 UTC] PHP Fatal error:  Allowed memory size of 41943040 bytes exhausted (tried to allocate 20480 bytes) in /home/mqrgpgru/public_html/wp-includes/class-wp-fatal-error-handler.php on line 72
[09-Aug-2021 18:19:51 UTC] PHP Fatal error:  Allowed memory size of 41943040 bytes exhausted (tried to allocate 65536 bytes) in /home/mqrgpgru/public_html/wp-content/plugins/advanced-custom-fields-pro/pro/fields/class-acf-field-flexible-content.php on line 103
[09-Aug-2021 18:19:51 UTC] PHP Fatal error:  Allowed memory size of 41943040 bytes exhausted (tried to allocate 32768 bytes) in /home/mqrgpgru/public_html/wp-content/plugins/woocommerce/includes/log-handlers/class-wc-log-handler-file.php on line 431
[09-Aug-2021 18:20:06 UTC] PHP Fatal error:  Allowed memory size of 41943040 bytes exhausted (tried to allocate 32768 bytes) in /home/mqrgpgru/public_html/wp-content/plugins/contact-form-7/modules/checkbox.php on line 155
[09-Aug-2021 18:20:06 UTC] PHP Fatal error:  Allowed memory size of 41943040 bytes exhausted (tried to allocate 20480 bytes) in /home/mqrgpgru/public_html/wp-includes/wp-db.php on line 2726
[09-Aug-2021 18:21:18 UTC] PHP Fatal error:  Allowed memory size of 41943040 bytes exhausted (tried to allocate 20480 bytes) in /home/mqrgpgru/public_html/wp-includes/class-wp-hook.php on line 78
[09-Aug-2021 18:21:18 UTC] PHP Fatal error:  Allowed memory size of 41943040 bytes exhausted (tried to allocate 20480 bytes) in /home/mqrgpgru/public_html/wp-includes/wp-db.php on line 2726
[09-Aug-2021 18:21:33 UTC] PHP Fatal error:  Allowed memory size of 41943040 bytes exhausted (tried to allocate 65536 bytes) in /home/mqrgpgru/public_html/wp-content/plugins/woocommerce/packages/woocommerce-blocks/src/RestApi.php on line 75
[09-Aug-2021 18:21:33 UTC] PHP Fatal error:  Allowed memory size of 41943040 bytes exhausted (tried to allocate 65536 bytes) in Unknown on line 0
[09-Aug-2021 18:21:40 UTC] PHP Fatal error:  Allowed memory size of 41943040 bytes exhausted (tried to allocate 65536 bytes) in /home/mqrgpgru/public_html/wp-content/plugins/advanced-custom-fields-pro/includes/locations/class-acf-location-page-parent.php on line 7
[09-Aug-2021 18:21:40 UTC] PHP Fatal error:  Allowed memory size of 41943040 bytes exhausted (tried to allocate 65536 bytes) in Unknown on line 0
[09-Aug-2021 18:22:47 UTC] PHP Fatal error:  Allowed memory size of 41943040 bytes exhausted (tried to allocate 32768 bytes) in /home/mqrgpgru/public_html/wp-includes/class-wp-customize-manager.php on line 3513
[09-Aug-2021 18:22:55 UTC] PHP Fatal error:  Allowed memory size of 41943040 bytes exhausted (tried to allocate 20480 bytes) in /home/mqrgpgru/public_html/wp-includes/plugin.php on line 164
[09-Aug-2021 18:23:14 UTC] PHP Fatal error:  Allowed memory size of 41943040 bytes exhausted (tried to allocate 49152 bytes) in /home/mqrgpgru/public_html/wp-includes/wp-db.php on line 2056
[09-Aug-2021 18:23:14 UTC] PHP Fatal error:  Allowed memory size of 41943040 bytes exhausted (tried to allocate 28672 bytes) in /home/mqrgpgru/public_html/wp-includes/pomo/streams.php on line 180
[09-Aug-2021 18:23:22 UTC] PHP Fatal error:  Allowed memory size of 41943040 bytes exhausted (tried to allocate 20480 bytes) in /home/mqrgpgru/public_html/wp-content/plugins/contact-form-7/modules/constant-contact.php on line 930
[09-Aug-2021 18:23:22 UTC] PHP Fatal error:  Allowed memory size of 41943040 bytes exhausted (tried to allocate 65536 bytes) in /home/mqrgpgru/public_html/wp-includes/class-wp-recovery-mode.php on line 184
[09-Aug-2021 18:23:23 UTC] PHP Fatal error:  Allowed memory size of 41943040 bytes exhausted (tried to allocate 32768 bytes) in /home/mqrgpgru/public_html/wp-content/plugins/woocommerce/packages/woocommerce-blocks/src/StoreApi/Schemas/CartSchema.php on line 273
[09-Aug-2021 18:23:23 UTC] PHP Fatal error:  Allowed memory size of 41943040 bytes exhausted (tried to allocate 32768 bytes) in /home/mqrgpgru/public_html/wp-content/plugins/woocommerce/vendor/automattic/jetpack-constants/src/class-constants.php on line 1
[09-Aug-2021 18:23:39 UTC] PHP Parse error:  syntax error, unexpected ':', expecting '{' in /home/mqrgpgru/public_html/wp-content/plugins/woocommerce/woocommerce.php on line 57
[09-Aug-2021 18:23:39 UTC] PHP Notice:  is_embed was called <strong>incorrectly</strong>. Conditional query tags do not work before the query is run. Before then, they always return false. Please see <a href="https://wordpress.org/support/article/debugging-in-wordpress/">Debugging in WordPress</a> for more information. (This message was added in version 3.1.0.) in /home/mqrgpgru/public_html/wp-includes/functions.php on line 5536
[09-Aug-2021 18:23:39 UTC] PHP Notice:  is_search was called <strong>incorrectly</strong>. Conditional query tags do not work before the query is run. Before then, they always return false. Please see <a href="https://wordpress.org/support/article/debugging-in-wordpress/">Debugging in WordPress</a> for more information. (This message was added in version 3.1.0.) in /home/mqrgpgru/public_html/wp-includes/functions.php on line 5536
[09-Aug-2021 18:23:44 UTC] PHP Parse error:  syntax error, unexpected ':', expecting '{' in /home/mqrgpgru/public_html/wp-content/plugins/woocommerce/woocommerce.php on line 57
[09-Aug-2021 18:23:55 UTC] PHP Parse error:  syntax error, unexpected ':', expecting '{' in /home/mqrgpgru/public_html/wp-content/plugins/woocommerce/woocommerce.php on line 57
[09-Aug-2021 18:24:30 UTC] PHP Notice:  Trying to get property of non-object in /home/mqrgpgru/public_html/wp-content/themes/CauDat_theme/header.php on line 124
[09-Aug-2021 18:24:30 UTC] PHP Notice:  Trying to get property of non-object in /home/mqrgpgru/public_html/wp-content/themes/CauDat_theme/header.php on line 124
[09-Aug-2021 18:24:30 UTC] PHP Notice:  Trying to get property of non-object in /home/mqrgpgru/public_html/wp-content/themes/CauDat_theme/header.php on line 160
[09-Aug-2021 18:24:30 UTC] PHP Notice:  Trying to get property of non-object in /home/mqrgpgru/public_html/wp-content/themes/CauDat_theme/header.php on line 160
[09-Aug-2021 18:24:50 UTC] PHP Notice:  Trying to get property of non-object in /home/mqrgpgru/public_html/wp-content/themes/CauDat_theme/header.php on line 124
[09-Aug-2021 18:24:50 UTC] PHP Notice:  Trying to get property of non-object in /home/mqrgpgru/public_html/wp-content/themes/CauDat_theme/header.php on line 124
[09-Aug-2021 18:24:50 UTC] PHP Notice:  Trying to get property of non-object in /home/mqrgpgru/public_html/wp-content/themes/CauDat_theme/header.php on line 160
[09-Aug-2021 18:24:50 UTC] PHP Notice:  Trying to get property of non-object in /home/mqrgpgru/public_html/wp-content/themes/CauDat_theme/header.php on line 160
[09-Aug-2021 18:26:46 UTC] PHP Notice:  Trying to get property of non-object in /home/mqrgpgru/public_html/wp-content/themes/CauDat_theme/header.php on line 124
[09-Aug-2021 18:26:46 UTC] PHP Notice:  Trying to get property of non-object in /home/mqrgpgru/public_html/wp-content/themes/CauDat_theme/header.php on line 124
[09-Aug-2021 18:26:46 UTC] PHP Notice:  Trying to get property of non-object in /home/mqrgpgru/public_html/wp-content/themes/CauDat_theme/header.php on line 160
[09-Aug-2021 18:26:46 UTC] PHP Notice:  Trying to get property of non-object in /home/mqrgpgru/public_html/wp-content/themes/CauDat_theme/header.php on line 160
[09-Aug-2021 18:27:02 UTC] PHP Notice:  Trying to get property of non-object in /home/mqrgpgru/public_html/wp-content/themes/CauDat_theme/header.php on line 124
[09-Aug-2021 18:27:02 UTC] PHP Notice:  Trying to get property of non-object in /home/mqrgpgru/public_html/wp-content/themes/CauDat_theme/header.php on line 124
[09-Aug-2021 18:27:02 UTC] PHP Notice:  Trying to get property of non-object in /home/mqrgpgru/public_html/wp-content/themes/CauDat_theme/header.php on line 160
[09-Aug-2021 18:27:02 UTC] PHP Notice:  Trying to get property of non-object in /home/mqrgpgru/public_html/wp-content/themes/CauDat_theme/header.php on line 160
[09-Aug-2021 18:27:02 UTC] PHP Fatal error:  Call to undefined function is_product() in /home/mqrgpgru/public_html/wp-content/themes/CauDat_theme/template-parts/header.php on line 29
[09-Aug-2021 18:27:43 UTC] PHP Notice:  Trying to get property of non-object in /home/mqrgpgru/public_html/wp-content/themes/CauDat_theme/header.php on line 124
[09-Aug-2021 18:27:43 UTC] PHP Notice:  Trying to get property of non-object in /home/mqrgpgru/public_html/wp-content/themes/CauDat_theme/header.php on line 124
[09-Aug-2021 18:27:43 UTC] PHP Notice:  Trying to get property of non-object in /home/mqrgpgru/public_html/wp-content/themes/CauDat_theme/header.php on line 160
[09-Aug-2021 18:27:43 UTC] PHP Notice:  Trying to get property of non-object in /home/mqrgpgru/public_html/wp-content/themes/CauDat_theme/header.php on line 160
[09-Aug-2021 18:27:43 UTC] PHP Fatal error:  Call to undefined function is_product() in /home/mqrgpgru/public_html/wp-content/themes/CauDat_theme/template-parts/header.php on line 29
[09-Aug-2021 18:28:04 UTC] PHP Notice:  Trying to get property of non-object in /home/mqrgpgru/public_html/wp-content/themes/CauDat_theme/header.php on line 124
[09-Aug-2021 18:28:04 UTC] PHP Notice:  Trying to get property of non-object in /home/mqrgpgru/public_html/wp-content/themes/CauDat_theme/header.php on line 124
[09-Aug-2021 18:28:04 UTC] PHP Notice:  Trying to get property of non-object in /home/mqrgpgru/public_html/wp-content/themes/CauDat_theme/header.php on line 160
[09-Aug-2021 18:28:04 UTC] PHP Notice:  Trying to get property of non-object in /home/mqrgpgru/public_html/wp-content/themes/CauDat_theme/header.php on line 160
[09-Aug-2021 18:28:04 UTC] PHP Fatal error:  Call to undefined function is_product() in /home/mqrgpgru/public_html/wp-content/themes/CauDat_theme/template-parts/header.php on line 29
[09-Aug-2021 18:28:06 UTC] PHP Notice:  Trying to get property of non-object in /home/mqrgpgru/public_html/wp-content/themes/CauDat_theme/header.php on line 124
[09-Aug-2021 18:28:06 UTC] PHP Notice:  Trying to get property of non-object in /home/mqrgpgru/public_html/wp-content/themes/CauDat_theme/header.php on line 124
[09-Aug-2021 18:28:06 UTC] PHP Notice:  Trying to get property of non-object in /home/mqrgpgru/public_html/wp-content/themes/CauDat_theme/header.php on line 160
[09-Aug-2021 18:28:06 UTC] PHP Notice:  Trying to get property of non-object in /home/mqrgpgru/public_html/wp-content/themes/CauDat_theme/header.php on line 160
[09-Aug-2021 18:28:06 UTC] PHP Fatal error:  Call to undefined function is_product() in /home/mqrgpgru/public_html/wp-content/themes/CauDat_theme/template-parts/header.php on line 29
[09-Aug-2021 18:28:09 UTC] PHP Notice:  Trying to get property of non-object in /home/mqrgpgru/public_html/wp-content/themes/CauDat_theme/header.php on line 124
[09-Aug-2021 18:28:09 UTC] PHP Notice:  Trying to get property of non-object in /home/mqrgpgru/public_html/wp-content/themes/CauDat_theme/header.php on line 124
[09-Aug-2021 18:28:09 UTC] PHP Notice:  Trying to get property of non-object in /home/mqrgpgru/public_html/wp-content/themes/CauDat_theme/header.php on line 160
[09-Aug-2021 18:28:09 UTC] PHP Notice:  Trying to get property of non-object in /home/mqrgpgru/public_html/wp-content/themes/CauDat_theme/header.php on line 160
[09-Aug-2021 18:28:09 UTC] PHP Fatal error:  Call to undefined function is_product() in /home/mqrgpgru/public_html/wp-content/themes/CauDat_theme/template-parts/header.php on line 29
[09-Aug-2021 18:28:11 UTC] PHP Notice:  Trying to get property of non-object in /home/mqrgpgru/public_html/wp-content/themes/CauDat_theme/header.php on line 124
[09-Aug-2021 18:28:11 UTC] PHP Notice:  Trying to get property of non-object in /home/mqrgpgru/public_html/wp-content/themes/CauDat_theme/header.php on line 124
[09-Aug-2021 18:28:11 UTC] PHP Notice:  Trying to get property of non-object in /home/mqrgpgru/public_html/wp-content/themes/CauDat_theme/header.php on line 160
[09-Aug-2021 18:28:11 UTC] PHP Notice:  Trying to get property of non-object in /home/mqrgpgru/public_html/wp-content/themes/CauDat_theme/header.php on line 160
[09-Aug-2021 18:28:11 UTC] PHP Fatal error:  Call to undefined function is_product() in /home/mqrgpgru/public_html/wp-content/themes/CauDat_theme/template-parts/header.php on line 29
[09-Aug-2021 18:28:16 UTC] PHP Notice:  Trying to get property of non-object in /home/mqrgpgru/public_html/wp-content/themes/CauDat_theme/header.php on line 124
[09-Aug-2021 18:28:16 UTC] PHP Notice:  Trying to get property of non-object in /home/mqrgpgru/public_html/wp-content/themes/CauDat_theme/header.php on line 124
[09-Aug-2021 18:28:16 UTC] PHP Notice:  Trying to get property of non-object in /home/mqrgpgru/public_html/wp-content/themes/CauDat_theme/header.php on line 160
[09-Aug-2021 18:28:16 UTC] PHP Notice:  Trying to get property of non-object in /home/mqrgpgru/public_html/wp-content/themes/CauDat_theme/header.php on line 160
[09-Aug-2021 18:28:16 UTC] PHP Fatal error:  Call to undefined function is_product() in /home/mqrgpgru/public_html/wp-content/themes/CauDat_theme/template-parts/header.php on line 29
[09-Aug-2021 18:28:27 UTC] PHP Notice:  Trying to get property of non-object in /home/mqrgpgru/public_html/wp-content/themes/CauDat_theme/header.php on line 124
[09-Aug-2021 18:28:27 UTC] PHP Notice:  Trying to get property of non-object in /home/mqrgpgru/public_html/wp-content/themes/CauDat_theme/header.php on line 124
[09-Aug-2021 18:28:27 UTC] PHP Notice:  Trying to get property of non-object in /home/mqrgpgru/public_html/wp-content/themes/CauDat_theme/header.php on line 160
[09-Aug-2021 18:28:27 UTC] PHP Notice:  Trying to get property of non-object in /home/mqrgpgru/public_html/wp-content/themes/CauDat_theme/header.php on line 160
[09-Aug-2021 18:28:39 UTC] PHP Notice:  Trying to get property of non-object in /home/mqrgpgru/public_html/wp-content/themes/CauDat_theme/header.php on line 124
[09-Aug-2021 18:28:39 UTC] PHP Notice:  Trying to get property of non-object in /home/mqrgpgru/public_html/wp-content/themes/CauDat_theme/header.php on line 124
[09-Aug-2021 18:28:39 UTC] PHP Notice:  Trying to get property of non-object in /home/mqrgpgru/public_html/wp-content/themes/CauDat_theme/header.php on line 160
[09-Aug-2021 18:28:39 UTC] PHP Notice:  Trying to get property of non-object in /home/mqrgpgru/public_html/wp-content/themes/CauDat_theme/header.php on line 160
[09-Aug-2021 18:28:47 UTC] PHP Notice:  Trying to get property of non-object in /home/mqrgpgru/public_html/wp-content/themes/CauDat_theme/header.php on line 124
[09-Aug-2021 18:28:47 UTC] PHP Notice:  Trying to get property of non-object in /home/mqrgpgru/public_html/wp-content/themes/CauDat_theme/header.php on line 124
[09-Aug-2021 18:28:47 UTC] PHP Notice:  Trying to get property of non-object in /home/mqrgpgru/public_html/wp-content/themes/CauDat_theme/header.php on line 160
[09-Aug-2021 18:28:47 UTC] PHP Notice:  Trying to get property of non-object in /home/mqrgpgru/public_html/wp-content/themes/CauDat_theme/header.php on line 160
[09-Aug-2021 18:28:53 UTC] PHP Notice:  Trying to get property of non-object in /home/mqrgpgru/public_html/wp-content/themes/CauDat_theme/header.php on line 124
[09-Aug-2021 18:28:53 UTC] PHP Notice:  Trying to get property of non-object in /home/mqrgpgru/public_html/wp-content/themes/CauDat_theme/header.php on line 124
[09-Aug-2021 18:28:53 UTC] PHP Notice:  Trying to get property of non-object in /home/mqrgpgru/public_html/wp-content/themes/CauDat_theme/header.php on line 160
[09-Aug-2021 18:28:53 UTC] PHP Notice:  Trying to get property of non-object in /home/mqrgpgru/public_html/wp-content/themes/CauDat_theme/header.php on line 160
[09-Aug-2021 19:30:59 UTC] PHP Notice:  Trying to get property of non-object in /home/mqrgpgru/public_html/wp-content/themes/CauDat_theme/header.php on line 124
[09-Aug-2021 19:30:59 UTC] PHP Notice:  Trying to get property of non-object in /home/mqrgpgru/public_html/wp-content/themes/CauDat_theme/header.php on line 124
[09-Aug-2021 19:30:59 UTC] PHP Notice:  Trying to get property of non-object in /home/mqrgpgru/public_html/wp-content/themes/CauDat_theme/header.php on line 160
[09-Aug-2021 19:30:59 UTC] PHP Notice:  Trying to get property of non-object in /home/mqrgpgru/public_html/wp-content/themes/CauDat_theme/header.php on line 160
[09-Aug-2021 20:31:11 UTC] PHP Notice:  Trying to get property of non-object in /home/mqrgpgru/public_html/wp-content/themes/CauDat_theme/header.php on line 124
[09-Aug-2021 20:31:11 UTC] PHP Notice:  Trying to get property of non-object in /home/mqrgpgru/public_html/wp-content/themes/CauDat_theme/header.php on line 124
[09-Aug-2021 20:31:11 UTC] PHP Notice:  Trying to get property of non-object in /home/mqrgpgru/public_html/wp-content/themes/CauDat_theme/header.php on line 160
[09-Aug-2021 20:31:11 UTC] PHP Notice:  Trying to get property of non-object in /home/mqrgpgru/public_html/wp-content/themes/CauDat_theme/header.php on line 160
[09-Aug-2021 20:31:11 UTC] PHP Fatal error:  Call to undefined function is_product() in /home/mqrgpgru/public_html/wp-content/themes/CauDat_theme/template-parts/header.php on line 29
[09-Aug-2021 22:19:35 UTC] PHP Notice:  Trying to get property of non-object in /home/mqrgpgru/public_html/wp-content/themes/CauDat_theme/header.php on line 124
[09-Aug-2021 22:19:35 UTC] PHP Notice:  Trying to get property of non-object in /home/mqrgpgru/public_html/wp-content/themes/CauDat_theme/header.php on line 124
[09-Aug-2021 22:19:35 UTC] PHP Notice:  Trying to get property of non-object in /home/mqrgpgru/public_html/wp-content/themes/CauDat_theme/header.php on line 160
[09-Aug-2021 22:19:35 UTC] PHP Notice:  Trying to get property of non-object in /home/mqrgpgru/public_html/wp-content/themes/CauDat_theme/header.php on line 160
[10-Aug-2021 00:04:38 UTC] PHP Notice:  Trying to get property of non-object in /home/mqrgpgru/public_html/wp-content/themes/CauDat_theme/header.php on line 124
[10-Aug-2021 00:04:38 UTC] PHP Notice:  Trying to get property of non-object in /home/mqrgpgru/public_html/wp-content/themes/CauDat_theme/header.php on line 124
[10-Aug-2021 00:04:38 UTC] PHP Notice:  Trying to get property of non-object in /home/mqrgpgru/public_html/wp-content/themes/CauDat_theme/header.php on line 160
[10-Aug-2021 00:04:38 UTC] PHP Notice:  Trying to get property of non-object in /home/mqrgpgru/public_html/wp-content/themes/CauDat_theme/header.php on line 160
[10-Aug-2021 02:36:40 UTC] PHP Notice:  Trying to get property of non-object in /home/mqrgpgru/public_html/wp-content/themes/CauDat_theme/header.php on line 124
[10-Aug-2021 02:36:40 UTC] PHP Notice:  Trying to get property of non-object in /home/mqrgpgru/public_html/wp-content/themes/CauDat_theme/header.php on line 124
[10-Aug-2021 02:36:40 UTC] PHP Notice:  Trying to get property of non-object in /home/mqrgpgru/public_html/wp-content/themes/CauDat_theme/header.php on line 160
[10-Aug-2021 02:36:40 UTC] PHP Notice:  Trying to get property of non-object in /home/mqrgpgru/public_html/wp-content/themes/CauDat_theme/header.php on line 160
[10-Aug-2021 02:36:40 UTC] PHP Fatal error:  Call to undefined function is_product() in /home/mqrgpgru/public_html/wp-content/themes/CauDat_theme/template-parts/header.php on line 29
[10-Aug-2021 03:02:15 UTC] PHP Notice:  Trying to get property of non-object in /home/mqrgpgru/public_html/wp-content/themes/CauDat_theme/header.php on line 124
[10-Aug-2021 03:02:15 UTC] PHP Notice:  Trying to get property of non-object in /home/mqrgpgru/public_html/wp-content/themes/CauDat_theme/header.php on line 124
[10-Aug-2021 03:02:15 UTC] PHP Notice:  Trying to get property of non-object in /home/mqrgpgru/public_html/wp-content/themes/CauDat_theme/header.php on line 160
[10-Aug-2021 03:02:15 UTC] PHP Notice:  Trying to get property of non-object in /home/mqrgpgru/public_html/wp-content/themes/CauDat_theme/header.php on line 160
[10-Aug-2021 03:02:15 UTC] PHP Fatal error:  Call to undefined function is_product() in /home/mqrgpgru/public_html/wp-content/themes/CauDat_theme/template-parts/header.php on line 29
[10-Aug-2021 03:07:53 UTC] PHP Notice:  Trying to get property of non-object in /home/mqrgpgru/public_html/wp-content/themes/CauDat_theme/header.php on line 124
[10-Aug-2021 03:07:53 UTC] PHP Notice:  Trying to get property of non-object in /home/mqrgpgru/public_html/wp-content/themes/CauDat_theme/header.php on line 124
[10-Aug-2021 03:07:53 UTC] PHP Notice:  Trying to get property of non-object in /home/mqrgpgru/public_html/wp-content/themes/CauDat_theme/header.php on line 160
[10-Aug-2021 03:07:53 UTC] PHP Notice:  Trying to get property of non-object in /home/mqrgpgru/public_html/wp-content/themes/CauDat_theme/header.php on line 160
[10-Aug-2021 03:26:54 UTC] PHP Notice:  Trying to get property of non-object in /home/mqrgpgru/public_html/wp-content/themes/CauDat_theme/header.php on line 124
[10-Aug-2021 03:26:54 UTC] PHP Notice:  Trying to get property of non-object in /home/mqrgpgru/public_html/wp-content/themes/CauDat_theme/header.php on line 124
[10-Aug-2021 03:26:54 UTC] PHP Notice:  Trying to get property of non-object in /home/mqrgpgru/public_html/wp-content/themes/CauDat_theme/header.php on line 160
[10-Aug-2021 03:26:54 UTC] PHP Notice:  Trying to get property of non-object in /home/mqrgpgru/public_html/wp-content/themes/CauDat_theme/header.php on line 160
[10-Aug-2021 03:26:54 UTC] PHP Fatal error:  Call to undefined function is_product() in /home/mqrgpgru/public_html/wp-content/themes/CauDat_theme/template-parts/header.php on line 29
[10-Aug-2021 03:31:31 UTC] PHP Fatal error:  Allowed memory size of 41943040 bytes exhausted (tried to allocate 75 bytes) in /home/mqrgpgru/public_html/wp-includes/wp-db.php on line 2726
[10-Aug-2021 03:31:31 UTC] PHP Fatal error:  Allowed memory size of 41943040 bytes exhausted (tried to allocate 75 bytes) in /home/mqrgpgru/public_html/wp-includes/wp-db.php on line 2726
[10-Aug-2021 03:31:31 UTC] PHP Fatal error:  Allowed memory size of 41943040 bytes exhausted (tried to allocate 75 bytes) in /home/mqrgpgru/public_html/wp-includes/wp-db.php on line 2726
[10-Aug-2021 03:34:05 UTC] PHP Notice:  Trying to get property of non-object in /home/mqrgpgru/public_html/wp-content/themes/CauDat_theme/header.php on line 124
[10-Aug-2021 03:34:05 UTC] PHP Notice:  Trying to get property of non-object in /home/mqrgpgru/public_html/wp-content/themes/CauDat_theme/header.php on line 124
[10-Aug-2021 03:34:05 UTC] PHP Notice:  Trying to get property of non-object in /home/mqrgpgru/public_html/wp-content/themes/CauDat_theme/header.php on line 160
[10-Aug-2021 03:34:05 UTC] PHP Notice:  Trying to get property of non-object in /home/mqrgpgru/public_html/wp-content/themes/CauDat_theme/header.php on line 160
[10-Aug-2021 03:34:05 UTC] PHP Fatal error:  Call to undefined function is_product() in /home/mqrgpgru/public_html/wp-content/themes/CauDat_theme/template-parts/header.php on line 29
[10-Aug-2021 03:37:55 UTC] PHP Notice:  Trying to get property of non-object in /home/mqrgpgru/public_html/wp-content/themes/CauDat_theme/header.php on line 124
[10-Aug-2021 03:37:55 UTC] PHP Notice:  Trying to get property of non-object in /home/mqrgpgru/public_html/wp-content/themes/CauDat_theme/header.php on line 124
[10-Aug-2021 03:37:55 UTC] PHP Notice:  Trying to get property of non-object in /home/mqrgpgru/public_html/wp-content/themes/CauDat_theme/header.php on line 160
[10-Aug-2021 03:37:55 UTC] PHP Notice:  Trying to get property of non-object in /home/mqrgpgru/public_html/wp-content/themes/CauDat_theme/header.php on line 160
[10-Aug-2021 03:42:07 UTC] PHP Fatal error:  Uncaught Error: Call to undefined function json_encode() in /home/mqrgpgru/public_html/wp-includes/functions.php:4005
Stack trace:
#0 /home/mqrgpgru/public_html/wp-includes/widgets/class-wp-widget-text.php(59): wp_json_encode('text')
#1 /home/mqrgpgru/public_html/wp-includes/class-wp-widget.php(265): WP_Widget_Text->_register_one(1)
#2 /home/mqrgpgru/public_html/wp-includes/class-wp-widget-factory.php(102): WP_Widget->_register()
#3 /home/mqrgpgru/public_html/wp-includes/class-wp-hook.php(303): WP_Widget_Factory->_register_widgets('')
#4 /home/mqrgpgru/public_html/wp-includes/class-wp-hook.php(327): WP_Hook->apply_filters(NULL, Array)
#5 /home/mqrgpgru/public_html/wp-includes/plugin.php(470): WP_Hook->do_action(Array)
#6 /home/mqrgpgru/public_html/wp-includes/widgets.php(1809): do_action('widgets_init')
#7 /home/mqrgpgru/public_html/wp-includes/class-wp-hook.php(303): wp_widgets_init('')
#8 /home/mqrgpgru/public_html/wp-includes/class-wp-hook.php(327): WP_Hook->apply_filters(NULL, Array)
#9 /home/mqrgpgru/pub in /home/mqrgpgru/public_html/wp-includes/functions.php on line 4005
[10-Aug-2021 03:46:12 UTC] PHP Fatal error:  Uncaught Error: Call to undefined function json_encode() in /home/mqrgpgru/public_html/wp-includes/functions.php:4005
Stack trace:
#0 /home/mqrgpgru/public_html/wp-includes/widgets/class-wp-widget-text.php(59): wp_json_encode('text')
#1 /home/mqrgpgru/public_html/wp-includes/class-wp-widget.php(265): WP_Widget_Text->_register_one(1)
#2 /home/mqrgpgru/public_html/wp-includes/class-wp-widget-factory.php(102): WP_Widget->_register()
#3 /home/mqrgpgru/public_html/wp-includes/class-wp-hook.php(303): WP_Widget_Factory->_register_widgets('')
#4 /home/mqrgpgru/public_html/wp-includes/class-wp-hook.php(327): WP_Hook->apply_filters(NULL, Array)
#5 /home/mqrgpgru/public_html/wp-includes/plugin.php(470): WP_Hook->do_action(Array)
#6 /home/mqrgpgru/public_html/wp-includes/widgets.php(1809): do_action('widgets_init')
#7 /home/mqrgpgru/public_html/wp-includes/class-wp-hook.php(303): wp_widgets_init('')
#8 /home/mqrgpgru/public_html/wp-includes/class-wp-hook.php(327): WP_Hook->apply_filters(NULL, Array)
#9 /home/mqrgpgru/pub in /home/mqrgpgru/public_html/wp-includes/functions.php on line 4005
[10-Aug-2021 03:46:17 UTC] PHP Fatal error:  Uncaught Error: Call to undefined function json_encode() in /home/mqrgpgru/public_html/wp-includes/functions.php:4005
Stack trace:
#0 /home/mqrgpgru/public_html/wp-includes/widgets/class-wp-widget-text.php(59): wp_json_encode('text')
#1 /home/mqrgpgru/public_html/wp-includes/class-wp-widget.php(265): WP_Widget_Text->_register_one(1)
#2 /home/mqrgpgru/public_html/wp-includes/class-wp-widget-factory.php(102): WP_Widget->_register()
#3 /home/mqrgpgru/public_html/wp-includes/class-wp-hook.php(303): WP_Widget_Factory->_register_widgets('')
#4 /home/mqrgpgru/public_html/wp-includes/class-wp-hook.php(327): WP_Hook->apply_filters(NULL, Array)
#5 /home/mqrgpgru/public_html/wp-includes/plugin.php(470): WP_Hook->do_action(Array)
#6 /home/mqrgpgru/public_html/wp-includes/widgets.php(1809): do_action('widgets_init')
#7 /home/mqrgpgru/public_html/wp-includes/class-wp-hook.php(303): wp_widgets_init('')
#8 /home/mqrgpgru/public_html/wp-includes/class-wp-hook.php(327): WP_Hook->apply_filters(NULL, Array)
#9 /home/mqrgpgru/pub in /home/mqrgpgru/public_html/wp-includes/functions.php on line 4005
[10-Aug-2021 03:48:29 UTC] PHP Fatal error:  Uncaught Error: Call to undefined function json_encode() in /home/mqrgpgru/public_html/wp-includes/functions.php:4005
Stack trace:
#0 /home/mqrgpgru/public_html/wp-includes/widgets/class-wp-widget-text.php(59): wp_json_encode('text')
#1 /home/mqrgpgru/public_html/wp-includes/class-wp-widget.php(265): WP_Widget_Text->_register_one(1)
#2 /home/mqrgpgru/public_html/wp-includes/class-wp-widget-factory.php(102): WP_Widget->_register()
#3 /home/mqrgpgru/public_html/wp-includes/class-wp-hook.php(303): WP_Widget_Factory->_register_widgets('')
#4 /home/mqrgpgru/public_html/wp-includes/class-wp-hook.php(327): WP_Hook->apply_filters(NULL, Array)
#5 /home/mqrgpgru/public_html/wp-includes/plugin.php(470): WP_Hook->do_action(Array)
#6 /home/mqrgpgru/public_html/wp-includes/widgets.php(1809): do_action('widgets_init')
#7 /home/mqrgpgru/public_html/wp-includes/class-wp-hook.php(303): wp_widgets_init('')
#8 /home/mqrgpgru/public_html/wp-includes/class-wp-hook.php(327): WP_Hook->apply_filters(NULL, Array)
#9 /home/mqrgpgru/pub in /home/mqrgpgru/public_html/wp-includes/functions.php on line 4005
[10-Aug-2021 03:48:29 UTC] PHP Fatal error:  Uncaught Error: Call to undefined function json_decode() in /home/mqrgpgru/public_html/wp-content/plugins/translatepress-multilingual/includes/class-translation-render.php:402
Stack trace:
#0 [internal function]: TRP_Translation_Render->translate_page('<!DOCTYPE html>...', 9)
#1 /home/mqrgpgru/public_html/wp-includes/functions.php(4979): ob_end_flush()
#2 /home/mqrgpgru/public_html/wp-includes/class-wp-hook.php(303): wp_ob_end_flush_all('')
#3 /home/mqrgpgru/public_html/wp-includes/class-wp-hook.php(327): WP_Hook->apply_filters('', Array)
#4 /home/mqrgpgru/public_html/wp-includes/plugin.php(470): WP_Hook->do_action(Array)
#5 /home/mqrgpgru/public_html/wp-includes/load.php(1097): do_action('shutdown')
#6 [internal function]: shutdown_action_hook()
#7 {main}
  thrown in /home/mqrgpgru/public_html/wp-content/plugins/translatepress-multilingual/includes/class-translation-render.php on line 402
[10-Aug-2021 03:51:05 UTC] PHP Fatal error:  Uncaught Error: Call to undefined function json_encode() in /home/mqrgpgru/public_html/wp-includes/functions.php:4005
Stack trace:
#0 /home/mqrgpgru/public_html/wp-includes/widgets/class-wp-widget-text.php(59): wp_json_encode('text')
#1 /home/mqrgpgru/public_html/wp-includes/class-wp-widget.php(265): WP_Widget_Text->_register_one(1)
#2 /home/mqrgpgru/public_html/wp-includes/class-wp-widget-factory.php(102): WP_Widget->_register()
#3 /home/mqrgpgru/public_html/wp-includes/class-wp-hook.php(303): WP_Widget_Factory->_register_widgets('')
#4 /home/mqrgpgru/public_html/wp-includes/class-wp-hook.php(327): WP_Hook->apply_filters(NULL, Array)
#5 /home/mqrgpgru/public_html/wp-includes/plugin.php(470): WP_Hook->do_action(Array)
#6 /home/mqrgpgru/public_html/wp-includes/widgets.php(1809): do_action('widgets_init')
#7 /home/mqrgpgru/public_html/wp-includes/class-wp-hook.php(303): wp_widgets_init('')
#8 /home/mqrgpgru/public_html/wp-includes/class-wp-hook.php(327): WP_Hook->apply_filters(NULL, Array)
#9 /home/mqrgpgru/pub in /home/mqrgpgru/public_html/wp-includes/functions.php on line 4005
[10-Aug-2021 03:51:31 UTC] PHP Fatal error:  Uncaught Error: Call to undefined function json_encode() in /home/mqrgpgru/public_html/wp-includes/functions.php:4005
Stack trace:
#0 /home/mqrgpgru/public_html/wp-includes/widgets/class-wp-widget-text.php(59): wp_json_encode('text')
#1 /home/mqrgpgru/public_html/wp-includes/class-wp-widget.php(265): WP_Widget_Text->_register_one(1)
#2 /home/mqrgpgru/public_html/wp-includes/class-wp-widget-factory.php(102): WP_Widget->_register()
#3 /home/mqrgpgru/public_html/wp-includes/class-wp-hook.php(303): WP_Widget_Factory->_register_widgets('')
#4 /home/mqrgpgru/public_html/wp-includes/class-wp-hook.php(327): WP_Hook->apply_filters(NULL, Array)
#5 /home/mqrgpgru/public_html/wp-includes/plugin.php(470): WP_Hook->do_action(Array)
#6 /home/mqrgpgru/public_html/wp-includes/widgets.php(1809): do_action('widgets_init')
#7 /home/mqrgpgru/public_html/wp-includes/class-wp-hook.php(303): wp_widgets_init('')
#8 /home/mqrgpgru/public_html/wp-includes/class-wp-hook.php(327): WP_Hook->apply_filters(NULL, Array)
#9 /home/mqrgpgru/pub in /home/mqrgpgru/public_html/wp-includes/functions.php on line 4005
[10-Aug-2021 03:55:41 UTC] PHP Fatal error:  Uncaught Error: Call to undefined function json_encode() in /home/mqrgpgru/public_html/wp-includes/functions.php:4005
Stack trace:
#0 /home/mqrgpgru/public_html/wp-includes/widgets/class-wp-widget-text.php(59): wp_json_encode('text')
#1 /home/mqrgpgru/public_html/wp-includes/class-wp-widget.php(265): WP_Widget_Text->_register_one(1)
#2 /home/mqrgpgru/public_html/wp-includes/class-wp-widget-factory.php(102): WP_Widget->_register()
#3 /home/mqrgpgru/public_html/wp-includes/class-wp-hook.php(303): WP_Widget_Factory->_register_widgets('')
#4 /home/mqrgpgru/public_html/wp-includes/class-wp-hook.php(327): WP_Hook->apply_filters(NULL, Array)
#5 /home/mqrgpgru/public_html/wp-includes/plugin.php(470): WP_Hook->do_action(Array)
#6 /home/mqrgpgru/public_html/wp-includes/widgets.php(1809): do_action('widgets_init')
#7 /home/mqrgpgru/public_html/wp-includes/class-wp-hook.php(303): wp_widgets_init('')
#8 /home/mqrgpgru/public_html/wp-includes/class-wp-hook.php(327): WP_Hook->apply_filters(NULL, Array)
#9 /home/mqrgpgru/pub in /home/mqrgpgru/public_html/wp-includes/functions.php on line 4005
[10-Aug-2021 03:55:41 UTC] PHP Fatal error:  Uncaught Error: Call to undefined function json_decode() in /home/mqrgpgru/public_html/wp-content/plugins/translatepress-multilingual/includes/class-translation-render.php:402
Stack trace:
#0 [internal function]: TRP_Translation_Render->translate_page('<!DOCTYPE html>...', 9)
#1 /home/mqrgpgru/public_html/wp-includes/functions.php(4979): ob_end_flush()
#2 /home/mqrgpgru/public_html/wp-includes/class-wp-hook.php(303): wp_ob_end_flush_all('')
#3 /home/mqrgpgru/public_html/wp-includes/class-wp-hook.php(327): WP_Hook->apply_filters('', Array)
#4 /home/mqrgpgru/public_html/wp-includes/plugin.php(470): WP_Hook->do_action(Array)
#5 /home/mqrgpgru/public_html/wp-includes/load.php(1097): do_action('shutdown')
#6 [internal function]: shutdown_action_hook()
#7 {main}
  thrown in /home/mqrgpgru/public_html/wp-content/plugins/translatepress-multilingual/includes/class-translation-render.php on line 402
[10-Aug-2021 04:01:25 UTC] PHP Fatal error:  Uncaught Error: Call to undefined function json_encode() in /home/mqrgpgru/public_html/wp-includes/functions.php:4005
Stack trace:
#0 /home/mqrgpgru/public_html/wp-includes/widgets/class-wp-widget-text.php(59): wp_json_encode('text')
#1 /home/mqrgpgru/public_html/wp-includes/class-wp-widget.php(265): WP_Widget_Text->_register_one(1)
#2 /home/mqrgpgru/public_html/wp-includes/class-wp-widget-factory.php(102): WP_Widget->_register()
#3 /home/mqrgpgru/public_html/wp-includes/class-wp-hook.php(303): WP_Widget_Factory->_register_widgets('')
#4 /home/mqrgpgru/public_html/wp-includes/class-wp-hook.php(327): WP_Hook->apply_filters(NULL, Array)
#5 /home/mqrgpgru/public_html/wp-includes/plugin.php(470): WP_Hook->do_action(Array)
#6 /home/mqrgpgru/public_html/wp-includes/widgets.php(1809): do_action('widgets_init')
#7 /home/mqrgpgru/public_html/wp-includes/class-wp-hook.php(303): wp_widgets_init('')
#8 /home/mqrgpgru/public_html/wp-includes/class-wp-hook.php(327): WP_Hook->apply_filters(NULL, Array)
#9 /home/mqrgpgru/pub in /home/mqrgpgru/public_html/wp-includes/functions.php on line 4005
[10-Aug-2021 04:09:16 UTC] PHP Fatal error:  Uncaught Error: Call to undefined function json_encode() in /home/mqrgpgru/public_html/wp-includes/functions.php:4005
Stack trace:
#0 /home/mqrgpgru/public_html/wp-includes/widgets/class-wp-widget-text.php(59): wp_json_encode('text')
#1 /home/mqrgpgru/public_html/wp-includes/class-wp-widget.php(265): WP_Widget_Text->_register_one(1)
#2 /home/mqrgpgru/public_html/wp-includes/class-wp-widget-factory.php(102): WP_Widget->_register()
#3 /home/mqrgpgru/public_html/wp-includes/class-wp-hook.php(303): WP_Widget_Factory->_register_widgets('')
#4 /home/mqrgpgru/public_html/wp-includes/class-wp-hook.php(327): WP_Hook->apply_filters(NULL, Array)
#5 /home/mqrgpgru/public_html/wp-includes/plugin.php(470): WP_Hook->do_action(Array)
#6 /home/mqrgpgru/public_html/wp-includes/widgets.php(1809): do_action('widgets_init')
#7 /home/mqrgpgru/public_html/wp-includes/class-wp-hook.php(303): wp_widgets_init('')
#8 /home/mqrgpgru/public_html/wp-includes/class-wp-hook.php(327): WP_Hook->apply_filters(NULL, Array)
#9 /home/mqrgpgru/pub in /home/mqrgpgru/public_html/wp-includes/functions.php on line 4005
[10-Aug-2021 04:09:18 UTC] PHP Fatal error:  Uncaught Error: Call to undefined function json_encode() in /home/mqrgpgru/public_html/wp-includes/functions.php:4005
Stack trace:
#0 /home/mqrgpgru/public_html/wp-includes/widgets/class-wp-widget-text.php(59): wp_json_encode('text')
#1 /home/mqrgpgru/public_html/wp-includes/class-wp-widget.php(265): WP_Widget_Text->_register_one(1)
#2 /home/mqrgpgru/public_html/wp-includes/class-wp-widget-factory.php(102): WP_Widget->_register()
#3 /home/mqrgpgru/public_html/wp-includes/class-wp-hook.php(303): WP_Widget_Factory->_register_widgets('')
#4 /home/mqrgpgru/public_html/wp-includes/class-wp-hook.php(327): WP_Hook->apply_filters(NULL, Array)
#5 /home/mqrgpgru/public_html/wp-includes/plugin.php(470): WP_Hook->do_action(Array)
#6 /home/mqrgpgru/public_html/wp-includes/widgets.php(1809): do_action('widgets_init')
#7 /home/mqrgpgru/public_html/wp-includes/class-wp-hook.php(303): wp_widgets_init('')
#8 /home/mqrgpgru/public_html/wp-includes/class-wp-hook.php(327): WP_Hook->apply_filters(NULL, Array)
#9 /home/mqrgpgru/pub in /home/mqrgpgru/public_html/wp-includes/functions.php on line 4005
[10-Aug-2021 04:09:35 UTC] PHP Fatal error:  Uncaught Error: Call to undefined function json_encode() in /home/mqrgpgru/public_html/wp-includes/functions.php:4005
Stack trace:
#0 /home/mqrgpgru/public_html/wp-includes/widgets/class-wp-widget-text.php(59): wp_json_encode('text')
#1 /home/mqrgpgru/public_html/wp-includes/class-wp-widget.php(265): WP_Widget_Text->_register_one(1)
#2 /home/mqrgpgru/public_html/wp-includes/class-wp-widget-factory.php(102): WP_Widget->_register()
#3 /home/mqrgpgru/public_html/wp-includes/class-wp-hook.php(303): WP_Widget_Factory->_register_widgets('')
#4 /home/mqrgpgru/public_html/wp-includes/class-wp-hook.php(327): WP_Hook->apply_filters(NULL, Array)
#5 /home/mqrgpgru/public_html/wp-includes/plugin.php(470): WP_Hook->do_action(Array)
#6 /home/mqrgpgru/public_html/wp-includes/widgets.php(1809): do_action('widgets_init')
#7 /home/mqrgpgru/public_html/wp-includes/class-wp-hook.php(303): wp_widgets_init('')
#8 /home/mqrgpgru/public_html/wp-includes/class-wp-hook.php(327): WP_Hook->apply_filters(NULL, Array)
#9 /home/mqrgpgru/pub in /home/mqrgpgru/public_html/wp-includes/functions.php on line 4005
[10-Aug-2021 04:09:41 UTC] PHP Fatal error:  Uncaught Error: Call to undefined function json_encode() in /home/mqrgpgru/public_html/wp-includes/functions.php:4005
Stack trace:
#0 /home/mqrgpgru/public_html/wp-includes/widgets/class-wp-widget-text.php(59): wp_json_encode('text')
#1 /home/mqrgpgru/public_html/wp-includes/class-wp-widget.php(265): WP_Widget_Text->_register_one(1)
#2 /home/mqrgpgru/public_html/wp-includes/class-wp-widget-factory.php(102): WP_Widget->_register()
#3 /home/mqrgpgru/public_html/wp-includes/class-wp-hook.php(303): WP_Widget_Factory->_register_widgets('')
#4 /home/mqrgpgru/public_html/wp-includes/class-wp-hook.php(327): WP_Hook->apply_filters(NULL, Array)
#5 /home/mqrgpgru/public_html/wp-includes/plugin.php(470): WP_Hook->do_action(Array)
#6 /home/mqrgpgru/public_html/wp-includes/widgets.php(1809): do_action('widgets_init')
#7 /home/mqrgpgru/public_html/wp-includes/class-wp-hook.php(303): wp_widgets_init('')
#8 /home/mqrgpgru/public_html/wp-includes/class-wp-hook.php(327): WP_Hook->apply_filters(NULL, Array)
#9 /home/mqrgpgru/pub in /home/mqrgpgru/public_html/wp-includes/functions.php on line 4005
[10-Aug-2021 04:10:16 UTC] PHP Notice:  Trying to get property 'cart' of non-object in /home/mqrgpgru/public_html/wp-content/themes/CauDat_theme/header.php on line 124
[10-Aug-2021 04:10:16 UTC] PHP Notice:  Trying to get property 'cart_contents_count' of non-object in /home/mqrgpgru/public_html/wp-content/themes/CauDat_theme/header.php on line 124
[10-Aug-2021 04:10:16 UTC] PHP Notice:  Trying to get property 'cart' of non-object in /home/mqrgpgru/public_html/wp-content/themes/CauDat_theme/header.php on line 160
[10-Aug-2021 04:10:16 UTC] PHP Notice:  Trying to get property 'cart_contents_count' of non-object in /home/mqrgpgru/public_html/wp-content/themes/CauDat_theme/header.php on line 160
[10-Aug-2021 04:12:45 UTC] PHP Notice:  Trying to get property 'cart' of non-object in /home/mqrgpgru/public_html/wp-content/themes/CauDat_theme/header.php on line 124
[10-Aug-2021 04:12:45 UTC] PHP Notice:  Trying to get property 'cart_contents_count' of non-object in /home/mqrgpgru/public_html/wp-content/themes/CauDat_theme/header.php on line 124
[10-Aug-2021 04:12:45 UTC] PHP Notice:  Trying to get property 'cart' of non-object in /home/mqrgpgru/public_html/wp-content/themes/CauDat_theme/header.php on line 160
[10-Aug-2021 04:12:45 UTC] PHP Notice:  Trying to get property 'cart_contents_count' of non-object in /home/mqrgpgru/public_html/wp-content/themes/CauDat_theme/header.php on line 160
[10-Aug-2021 04:12:45 UTC] PHP Fatal error:  Uncaught Error: Call to undefined function is_shop() in /home/mqrgpgru/public_html/wp-content/themes/CauDat_theme/sidebar.php:3
Stack trace:
#0 /home/mqrgpgru/public_html/wp-includes/template.php(770): require_once()
#1 /home/mqrgpgru/public_html/wp-includes/template.php(716): load_template('/home/mqrgpgru/...', true, Array)
#2 /home/mqrgpgru/public_html/wp-includes/general-template.php(136): locate_template(Array, true, true, Array)
#3 /home/mqrgpgru/public_html/wp-content/themes/CauDat_theme/single.php(13): get_sidebar()
#4 /home/mqrgpgru/public_html/wp-includes/template-loader.php(106): include('/home/mqrgpgru/...')
#5 /home/mqrgpgru/public_html/wp-blog-header.php(19): require_once('/home/mqrgpgru/...')
#6 /home/mqrgpgru/public_html/index.php(17): require('/home/mqrgpgru/...')
#7 {main}
  thrown in /home/mqrgpgru/public_html/wp-content/themes/CauDat_theme/sidebar.php on line 3
[10-Aug-2021 04:12:48 UTC] PHP Notice:  Trying to get property 'cart' of non-object in /home/mqrgpgru/public_html/wp-content/themes/CauDat_theme/header.php on line 124
[10-Aug-2021 04:12:48 UTC] PHP Notice:  Trying to get property 'cart_contents_count' of non-object in /home/mqrgpgru/public_html/wp-content/themes/CauDat_theme/header.php on line 124
[10-Aug-2021 04:12:48 UTC] PHP Notice:  Trying to get property 'cart' of non-object in /home/mqrgpgru/public_html/wp-content/themes/CauDat_theme/header.php on line 160
[10-Aug-2021 04:12:48 UTC] PHP Notice:  Trying to get property 'cart_contents_count' of non-object in /home/mqrgpgru/public_html/wp-content/themes/CauDat_theme/header.php on line 160
[10-Aug-2021 04:15:02 UTC] PHP Notice:  Trying to get property 'cart' of non-object in /home/mqrgpgru/public_html/wp-content/themes/CauDat_theme/header.php on line 124
[10-Aug-2021 04:15:02 UTC] PHP Notice:  Trying to get property 'cart_contents_count' of non-object in /home/mqrgpgru/public_html/wp-content/themes/CauDat_theme/header.php on line 124
[10-Aug-2021 04:15:02 UTC] PHP Notice:  Trying to get property 'cart' of non-object in /home/mqrgpgru/public_html/wp-content/themes/CauDat_theme/header.php on line 160
[10-Aug-2021 04:15:02 UTC] PHP Notice:  Trying to get property 'cart_contents_count' of non-object in /home/mqrgpgru/public_html/wp-content/themes/CauDat_theme/header.php on line 160
[10-Aug-2021 05:21:09 UTC] PHP Notice:  Trying to get property 'labels' of non-object in /home/mqrgpgru/public_html/wp-content/themes/CauDat_theme/func-part/breadcrumbs.php on line 78
[10-Aug-2021 05:21:09 UTC] PHP Notice:  Trying to get property 'singular_name' of non-object in /home/mqrgpgru/public_html/wp-content/themes/CauDat_theme/func-part/breadcrumbs.php on line 78
[10-Aug-2021 05:21:19 UTC] PHP Notice:  Trying to get property 'labels' of non-object in /home/mqrgpgru/public_html/wp-content/themes/CauDat_theme/func-part/breadcrumbs.php on line 78
[10-Aug-2021 05:21:19 UTC] PHP Notice:  Trying to get property 'singular_name' of non-object in /home/mqrgpgru/public_html/wp-content/themes/CauDat_theme/func-part/breadcrumbs.php on line 78
[10-Aug-2021 06:19:22 UTC] PHP Notice:  Trying to get property 'labels' of non-object in /home/mqrgpgru/public_html/wp-content/themes/CauDat_theme/func-part/breadcrumbs.php on line 78
[10-Aug-2021 06:19:22 UTC] PHP Notice:  Trying to get property 'singular_name' of non-object in /home/mqrgpgru/public_html/wp-content/themes/CauDat_theme/func-part/breadcrumbs.php on line 78
[10-Aug-2021 06:19:26 UTC] PHP Notice:  Trying to get property 'labels' of non-object in /home/mqrgpgru/public_html/wp-content/themes/CauDat_theme/func-part/breadcrumbs.php on line 78
[10-Aug-2021 06:19:26 UTC] PHP Notice:  Trying to get property 'singular_name' of non-object in /home/mqrgpgru/public_html/wp-content/themes/CauDat_theme/func-part/breadcrumbs.php on line 78
[10-Aug-2021 06:19:30 UTC] PHP Notice:  Trying to get property 'labels' of non-object in /home/mqrgpgru/public_html/wp-content/themes/CauDat_theme/func-part/breadcrumbs.php on line 78
[10-Aug-2021 06:19:30 UTC] PHP Notice:  Trying to get property 'singular_name' of non-object in /home/mqrgpgru/public_html/wp-content/themes/CauDat_theme/func-part/breadcrumbs.php on line 78
[10-Aug-2021 06:19:33 UTC] PHP Notice:  Trying to get property 'labels' of non-object in /home/mqrgpgru/public_html/wp-content/themes/CauDat_theme/func-part/breadcrumbs.php on line 78
[10-Aug-2021 06:19:33 UTC] PHP Notice:  Trying to get property 'singular_name' of non-object in /home/mqrgpgru/public_html/wp-content/themes/CauDat_theme/func-part/breadcrumbs.php on line 78
