2021-08-09T07:30:43+00:00 CRITICAL Uncaught Error: Call to a member function is_type() on int in D:\APP\XAMPP\htdocs\CauDat_Web\wp-content\themes\CauDat_theme\func-part\custom-woo.php:219
Stack trace:
#0 D:\APP\XAMPP\htdocs\CauDat_Web\wp-includes\class-wp-hook.php(303): caudat_handle_woocommerce_ajax_add_to_cart('')
#1 D:\APP\XAMPP\htdocs\CauDat_Web\wp-includes\class-wp-hook.php(327): WP_Hook->apply_filters('', Array)
#2 D:\APP\XAMPP\htdocs\CauDat_Web\wp-includes\plugin.php(470): WP_Hook->do_action(Array)
#3 D:\APP\XAMPP\htdocs\CauDat_Web\wp-admin\admin-ajax.php(202): do_action('wp_ajax_nopriv_...')
#4 {main}
  thrown in D:\APP\XAMPP\htdocs\CauDat_Web\wp-content\themes\CauDat_theme\func-part\custom-woo.php on line 219

2021-08-09T07:32:00+00:00 CRITICAL Uncaught Error: Call to a member function is_type() on int in D:\APP\XAMPP\htdocs\CauDat_Web\wp-content\themes\CauDat_theme\func-part\custom-woo.php:219
Stack trace:
#0 D:\APP\XAMPP\htdocs\CauDat_Web\wp-includes\class-wp-hook.php(303): caudat_handle_woocommerce_ajax_add_to_cart('')
#1 D:\APP\XAMPP\htdocs\CauDat_Web\wp-includes\class-wp-hook.php(327): WP_Hook->apply_filters('', Array)
#2 D:\APP\XAMPP\htdocs\CauDat_Web\wp-includes\plugin.php(470): WP_Hook->do_action(Array)
#3 D:\APP\XAMPP\htdocs\CauDat_Web\wp-admin\admin-ajax.php(202): do_action('wp_ajax_nopriv_...')
#4 {main}
  thrown in D:\APP\XAMPP\htdocs\CauDat_Web\wp-content\themes\CauDat_theme\func-part\custom-woo.php on line 219

2021-08-09T15:46:59+00:00 CRITICAL Uncaught Error: Call to a member function get_parent_id() on string in D:\APP\XAMPP\htdocs\CauDat_Web\wp-content\themes\CauDat_theme\template-parts\header.php:60
Stack trace:
#0 D:\APP\XAMPP\htdocs\CauDat_Web\wp-includes\template.php(772): require()
#1 D:\APP\XAMPP\htdocs\CauDat_Web\wp-includes\template.php(716): load_template('D:\\APP\\XAMPP\\ht...', false, Array)
#2 D:\APP\XAMPP\htdocs\CauDat_Web\wp-includes\general-template.php(204): locate_template(Array, true, false, Array)
#3 D:\APP\XAMPP\htdocs\CauDat_Web\wp-content\themes\CauDat_theme\woocommerce\single-product.php(24): get_template_part('template-parts/...')
#4 D:\APP\XAMPP\htdocs\CauDat_Web\wp-includes\template-loader.php(106): include('D:\\APP\\XAMPP\\ht...')
#5 D:\APP\XAMPP\htdocs\CauDat_Web\wp-blog-header.php(19): require_once('D:\\APP\\XAMPP\\ht...')
#6 D:\APP\XAMPP\htdocs\CauDat_Web\index.php(17): require('D:\\APP\\XAMPP\\ht...')
#7 {main}
  thrown in D:\APP\XAMPP\htdocs\CauDat_Web\wp-content\themes\CauDat_theme\template-parts\header.php on line 60

