2021-08-03T13:47:29+00:00 CRITICAL Uncaught Error: Call to undefined function mini_blog_pagination() in D:\APP\XAMPP\htdocs\CauDat_Web\wp-content\themes\CauDat_theme\category-19.php:29
Stack trace:
#0 D:\APP\XAMPP\htdocs\CauDat_Web\wp-includes\template-loader.php(106): include()
#1 D:\APP\XAMPP\htdocs\CauDat_Web\wp-blog-header.php(19): require_once('D:\\APP\\XAMPP\\ht...')
#2 D:\APP\XAMPP\htdocs\CauDat_Web\index.php(17): require('D:\\APP\\XAMPP\\ht...')
#3 {main}
  thrown in D:\APP\XAMPP\htdocs\CauDat_Web\wp-content\themes\CauDat_theme\category-19.php on line 29

2021-08-03T14:10:57+00:00 CRITICAL Uncaught Error: Call to undefined function dimox_breadcrumbs() in D:\APP\XAMPP\htdocs\CauDat_Web\wp-content\themes\CauDat_theme\template-parts\header.php:33
Stack trace:
#0 D:\APP\XAMPP\htdocs\CauDat_Web\wp-includes\template.php(772): require()
#1 D:\APP\XAMPP\htdocs\CauDat_Web\wp-includes\template.php(716): load_template('D:\\APP\\XAMPP\\ht...', false, Array)
#2 D:\APP\XAMPP\htdocs\CauDat_Web\wp-includes\general-template.php(204): locate_template(Array, true, false, Array)
#3 D:\APP\XAMPP\htdocs\CauDat_Web\wp-content\themes\CauDat_theme\page-about-us.php(9): get_template_part('template-parts/...')
#4 D:\APP\XAMPP\htdocs\CauDat_Web\wp-includes\template-loader.php(106): include('D:\\APP\\XAMPP\\ht...')
#5 D:\APP\XAMPP\htdocs\CauDat_Web\wp-blog-header.php(19): require_once('D:\\APP\\XAMPP\\ht...')
#6 D:\APP\XAMPP\htdocs\CauDat_Web\index.php(17): require('D:\\APP\\XAMPP\\ht...')
#7 {main}
  thrown in D:\APP\XAMPP\htdocs\CauDat_Web\wp-content\themes\CauDat_theme\template-parts\header.php on line 33

2021-08-03T14:11:54+00:00 CRITICAL Uncaught Error: Call to undefined function m_breadcrumbs() in D:\APP\XAMPP\htdocs\CauDat_Web\wp-content\themes\CauDat_theme\template-parts\header.php:33
Stack trace:
#0 D:\APP\XAMPP\htdocs\CauDat_Web\wp-includes\template.php(772): require()
#1 D:\APP\XAMPP\htdocs\CauDat_Web\wp-includes\template.php(716): load_template('D:\\APP\\XAMPP\\ht...', false, Array)
#2 D:\APP\XAMPP\htdocs\CauDat_Web\wp-includes\general-template.php(204): locate_template(Array, true, false, Array)
#3 D:\APP\XAMPP\htdocs\CauDat_Web\wp-content\themes\CauDat_theme\page-about-us.php(9): get_template_part('template-parts/...')
#4 D:\APP\XAMPP\htdocs\CauDat_Web\wp-includes\template-loader.php(106): include('D:\\APP\\XAMPP\\ht...')
#5 D:\APP\XAMPP\htdocs\CauDat_Web\wp-blog-header.php(19): require_once('D:\\APP\\XAMPP\\ht...')
#6 D:\APP\XAMPP\htdocs\CauDat_Web\index.php(17): require('D:\\APP\\XAMPP\\ht...')
#7 {main}
  thrown in D:\APP\XAMPP\htdocs\CauDat_Web\wp-content\themes\CauDat_theme\template-parts\header.php on line 33

2021-08-03T14:12:07+00:00 CRITICAL Uncaught Error: Call to undefined function m_breadcrumbs() in D:\APP\XAMPP\htdocs\CauDat_Web\wp-content\themes\CauDat_theme\template-parts\header.php:33
Stack trace:
#0 D:\APP\XAMPP\htdocs\CauDat_Web\wp-includes\template.php(772): require()
#1 D:\APP\XAMPP\htdocs\CauDat_Web\wp-includes\template.php(716): load_template('D:\\APP\\XAMPP\\ht...', false, Array)
#2 D:\APP\XAMPP\htdocs\CauDat_Web\wp-includes\general-template.php(204): locate_template(Array, true, false, Array)
#3 D:\APP\XAMPP\htdocs\CauDat_Web\wp-content\themes\CauDat_theme\page-about-us.php(9): get_template_part('template-parts/...')
#4 D:\APP\XAMPP\htdocs\CauDat_Web\wp-includes\template-loader.php(106): include('D:\\APP\\XAMPP\\ht...')
#5 D:\APP\XAMPP\htdocs\CauDat_Web\wp-blog-header.php(19): require_once('D:\\APP\\XAMPP\\ht...')
#6 D:\APP\XAMPP\htdocs\CauDat_Web\index.php(17): require('D:\\APP\\XAMPP\\ht...')
#7 {main}
  thrown in D:\APP\XAMPP\htdocs\CauDat_Web\wp-content\themes\CauDat_theme\template-parts\header.php on line 33

2021-08-03T14:12:50+00:00 CRITICAL Uncaught Error: Call to undefined function m_breadcrumbs() in D:\APP\XAMPP\htdocs\CauDat_Web\wp-content\themes\CauDat_theme\template-parts\header.php:33
Stack trace:
#0 D:\APP\XAMPP\htdocs\CauDat_Web\wp-includes\template.php(772): require()
#1 D:\APP\XAMPP\htdocs\CauDat_Web\wp-includes\template.php(716): load_template('D:\\APP\\XAMPP\\ht...', false, Array)
#2 D:\APP\XAMPP\htdocs\CauDat_Web\wp-includes\general-template.php(204): locate_template(Array, true, false, Array)
#3 D:\APP\XAMPP\htdocs\CauDat_Web\wp-content\themes\CauDat_theme\page-about-us.php(9): get_template_part('template-parts/...')
#4 D:\APP\XAMPP\htdocs\CauDat_Web\wp-includes\template-loader.php(106): include('D:\\APP\\XAMPP\\ht...')
#5 D:\APP\XAMPP\htdocs\CauDat_Web\wp-blog-header.php(19): require_once('D:\\APP\\XAMPP\\ht...')
#6 D:\APP\XAMPP\htdocs\CauDat_Web\index.php(17): require('D:\\APP\\XAMPP\\ht...')
#7 {main}
  thrown in D:\APP\XAMPP\htdocs\CauDat_Web\wp-content\themes\CauDat_theme\template-parts\header.php on line 33

